0 info it worked if it ends with ok
1 verbose cli [ '/usr/bin/node',
1 verbose cli   '/usr/bin/npm',
1 verbose cli   'install',
1 verbose cli   '-g',
1 verbose cli   'grunt-cli',
1 verbose cli   'bower' ]
2 info using npm@3.10.8
3 info using node@v6.9.1
4 silly loadCurrentTree Starting
5 silly install loadCurrentTree
6 silly install readGlobalPackageData
7 silly fetchPackageMetaData grunt-cli
8 silly fetchPackageMetaData bower
9 silly fetchNamedPackageData grunt-cli
10 silly mapToRegistry name grunt-cli
11 silly mapToRegistry using default registry
12 silly mapToRegistry registry https://registry.npmjs.org/
13 silly mapToRegistry data Result {
13 silly mapToRegistry   raw: 'grunt-cli',
13 silly mapToRegistry   scope: null,
13 silly mapToRegistry   escapedName: 'grunt-cli',
13 silly mapToRegistry   name: 'grunt-cli',
13 silly mapToRegistry   rawSpec: '',
13 silly mapToRegistry   spec: 'latest',
13 silly mapToRegistry   type: 'tag' }
14 silly mapToRegistry uri https://registry.npmjs.org/grunt-cli
15 silly fetchNamedPackageData bower
16 silly mapToRegistry name bower
17 silly mapToRegistry using default registry
18 silly mapToRegistry registry https://registry.npmjs.org/
19 silly mapToRegistry data Result {
19 silly mapToRegistry   raw: 'bower',
19 silly mapToRegistry   scope: null,
19 silly mapToRegistry   escapedName: 'bower',
19 silly mapToRegistry   name: 'bower',
19 silly mapToRegistry   rawSpec: '',
19 silly mapToRegistry   spec: 'latest',
19 silly mapToRegistry   type: 'tag' }
20 silly mapToRegistry uri https://registry.npmjs.org/bower
21 verbose request uri https://registry.npmjs.org/grunt-cli
22 verbose request no auth needed
23 info attempt registry request try #1 at 15:26:23
24 verbose request id 2caa0cfc84e331c0
25 verbose etag W/"585d70b7-7e06"
26 verbose lastModified Fri, 23 Dec 2016 18:45:11 GMT
27 http request GET https://registry.npmjs.org/grunt-cli
28 verbose request uri https://registry.npmjs.org/bower
29 verbose request no auth needed
30 info attempt registry request try #1 at 15:26:24
31 verbose etag W/"585e876b-2ac9f"
32 verbose lastModified Sat, 24 Dec 2016 14:34:19 GMT
33 http request GET https://registry.npmjs.org/bower
34 http 200 https://registry.npmjs.org/grunt-cli
35 verbose headers { server: 'nginx/1.10.1',
35 verbose headers   'content-type': 'application/json',
35 verbose headers   'last-modified': 'Mon, 03 Apr 2017 08:34:53 GMT',
35 verbose headers   etag: 'W/"58e2092d-8012"',
35 verbose headers   'content-encoding': 'gzip',
35 verbose headers   'cache-control': 'max-age=300',
35 verbose headers   'content-length': '5569',
35 verbose headers   'accept-ranges': 'bytes',
35 verbose headers   date: 'Mon, 03 Apr 2017 18:26:24 GMT',
35 verbose headers   via: '1.1 varnish',
35 verbose headers   age: '55',
35 verbose headers   connection: 'keep-alive',
35 verbose headers   'x-served-by': 'cache-gru7121-GRU',
35 verbose headers   'x-cache': 'HIT',
35 verbose headers   'x-cache-hits': '2',
35 verbose headers   'x-timer': 'S1491243985.595296,VS0,VE0',
35 verbose headers   vary: 'Accept-Encoding' }
36 silly get cb [ 200,
36 silly get   { server: 'nginx/1.10.1',
36 silly get     'content-type': 'application/json',
36 silly get     'last-modified': 'Mon, 03 Apr 2017 08:34:53 GMT',
36 silly get     etag: 'W/"58e2092d-8012"',
36 silly get     'content-encoding': 'gzip',
36 silly get     'cache-control': 'max-age=300',
36 silly get     'content-length': '5569',
36 silly get     'accept-ranges': 'bytes',
36 silly get     date: 'Mon, 03 Apr 2017 18:26:24 GMT',
36 silly get     via: '1.1 varnish',
36 silly get     age: '55',
36 silly get     connection: 'keep-alive',
36 silly get     'x-served-by': 'cache-gru7121-GRU',
36 silly get     'x-cache': 'HIT',
36 silly get     'x-cache-hits': '2',
36 silly get     'x-timer': 'S1491243985.595296,VS0,VE0',
36 silly get     vary: 'Accept-Encoding' } ]
37 verbose get saving grunt-cli to /home/aagunzi/.npm/registry.npmjs.org/grunt-cli/.cache.json
38 verbose correctMkdir /home/aagunzi/.npm correctMkdir not in flight; initializing
39 http 200 https://registry.npmjs.org/bower
40 verbose headers { server: 'nginx/1.10.1',
40 verbose headers   'content-type': 'application/json',
40 verbose headers   'last-modified': 'Sat, 01 Apr 2017 08:53:55 GMT',
40 verbose headers   etag: 'W/"58df6aa3-2af90"',
40 verbose headers   'content-encoding': 'gzip',
40 verbose headers   'cache-control': 'max-age=300',
40 verbose headers   'content-length': '16679',
40 verbose headers   'accept-ranges': 'bytes',
40 verbose headers   date: 'Mon, 03 Apr 2017 18:26:24 GMT',
40 verbose headers   via: '1.1 varnish',
40 verbose headers   age: '101',
40 verbose headers   connection: 'keep-alive',
40 verbose headers   'x-served-by': 'cache-gru7123-GRU',
40 verbose headers   'x-cache': 'HIT',
40 verbose headers   'x-cache-hits': '3',
40 verbose headers   'x-timer': 'S1491243984.594903,VS0,VE0',
40 verbose headers   vary: 'Accept-Encoding' }
41 silly get cb [ 200,
41 silly get   { server: 'nginx/1.10.1',
41 silly get     'content-type': 'application/json',
41 silly get     'last-modified': 'Sat, 01 Apr 2017 08:53:55 GMT',
41 silly get     etag: 'W/"58df6aa3-2af90"',
41 silly get     'content-encoding': 'gzip',
41 silly get     'cache-control': 'max-age=300',
41 silly get     'content-length': '16679',
41 silly get     'accept-ranges': 'bytes',
41 silly get     date: 'Mon, 03 Apr 2017 18:26:24 GMT',
41 silly get     via: '1.1 varnish',
41 silly get     age: '101',
41 silly get     connection: 'keep-alive',
41 silly get     'x-served-by': 'cache-gru7123-GRU',
41 silly get     'x-cache': 'HIT',
41 silly get     'x-cache-hits': '3',
41 silly get     'x-timer': 'S1491243984.594903,VS0,VE0',
41 silly get     vary: 'Accept-Encoding' } ]
42 verbose get saving bower to /home/aagunzi/.npm/registry.npmjs.org/bower/.cache.json
43 verbose correctMkdir /home/aagunzi/.npm correctMkdir not in flight; initializing
44 silly install normalizeTree
45 silly loadCurrentTree Finishing
46 silly loadIdealTree Starting
47 silly install loadIdealTree
48 silly cloneCurrentTree Starting
49 silly install cloneCurrentTreeToIdealTree
50 silly cloneCurrentTree Finishing
51 silly loadShrinkwrap Starting
52 silly install loadShrinkwrap
53 silly loadShrinkwrap Finishing
54 silly loadAllDepsIntoIdealTree Starting
55 silly install loadAllDepsIntoIdealTree
56 silly resolveWithNewModule grunt-cli@1.2.0 checking installable status
57 silly cache add args [ 'grunt-cli', null ]
58 verbose cache add spec grunt-cli
59 silly resolveWithNewModule bower@1.8.0 checking installable status
60 silly cache add args [ 'bower', null ]
61 verbose cache add spec bower
62 silly cache add parsed spec Result {
62 silly cache add   raw: 'grunt-cli',
62 silly cache add   scope: null,
62 silly cache add   escapedName: 'grunt-cli',
62 silly cache add   name: 'grunt-cli',
62 silly cache add   rawSpec: '',
62 silly cache add   spec: 'latest',
62 silly cache add   type: 'tag' }
63 silly addNamed grunt-cli@latest
64 verbose addNamed "latest" is being treated as a dist-tag for grunt-cli
65 info addNameTag [ 'grunt-cli', 'latest' ]
66 silly mapToRegistry name grunt-cli
67 silly mapToRegistry using default registry
68 silly mapToRegistry registry https://registry.npmjs.org/
69 silly mapToRegistry data Result {
69 silly mapToRegistry   raw: 'grunt-cli',
69 silly mapToRegistry   scope: null,
69 silly mapToRegistry   escapedName: 'grunt-cli',
69 silly mapToRegistry   name: 'grunt-cli',
69 silly mapToRegistry   rawSpec: '',
69 silly mapToRegistry   spec: 'latest',
69 silly mapToRegistry   type: 'tag' }
70 silly mapToRegistry uri https://registry.npmjs.org/grunt-cli
71 verbose addNameTag registry:https://registry.npmjs.org/grunt-cli not in flight; fetching
72 silly cache add parsed spec Result {
72 silly cache add   raw: 'bower',
72 silly cache add   scope: null,
72 silly cache add   escapedName: 'bower',
72 silly cache add   name: 'bower',
72 silly cache add   rawSpec: '',
72 silly cache add   spec: 'latest',
72 silly cache add   type: 'tag' }
73 silly addNamed bower@latest
74 verbose addNamed "latest" is being treated as a dist-tag for bower
75 info addNameTag [ 'bower', 'latest' ]
76 silly mapToRegistry name bower
77 silly mapToRegistry using default registry
78 silly mapToRegistry registry https://registry.npmjs.org/
79 silly mapToRegistry data Result {
79 silly mapToRegistry   raw: 'bower',
79 silly mapToRegistry   scope: null,
79 silly mapToRegistry   escapedName: 'bower',
79 silly mapToRegistry   name: 'bower',
79 silly mapToRegistry   rawSpec: '',
79 silly mapToRegistry   spec: 'latest',
79 silly mapToRegistry   type: 'tag' }
80 silly mapToRegistry uri https://registry.npmjs.org/bower
81 verbose addNameTag registry:https://registry.npmjs.org/bower not in flight; fetching
82 verbose get https://registry.npmjs.org/grunt-cli not expired, no request
83 silly addNameTag next cb for grunt-cli with tag latest
84 silly addNamed grunt-cli@1.2.0
85 verbose addNamed "1.2.0" is a plain semver version for grunt-cli
86 verbose get https://registry.npmjs.org/bower not expired, no request
87 silly addNameTag next cb for bower with tag latest
88 silly addNamed bower@1.8.0
89 verbose addNamed "1.8.0" is a plain semver version for bower
90 silly cache afterAdd grunt-cli@1.2.0
91 verbose afterAdd /home/aagunzi/.npm/grunt-cli/1.2.0/package/package.json not in flight; writing
92 verbose correctMkdir /home/aagunzi/.npm correctMkdir not in flight; initializing
93 silly cache afterAdd bower@1.8.0
94 verbose afterAdd /home/aagunzi/.npm/bower/1.8.0/package/package.json not in flight; writing
95 verbose correctMkdir /home/aagunzi/.npm correctMkdir not in flight; initializing
96 verbose afterAdd /home/aagunzi/.npm/bower/1.8.0/package/package.json written
97 verbose afterAdd /home/aagunzi/.npm/grunt-cli/1.2.0/package/package.json written
98 silly fetchNamedPackageData findup-sync
99 silly mapToRegistry name findup-sync
100 silly mapToRegistry using default registry
101 silly mapToRegistry registry https://registry.npmjs.org/
102 silly mapToRegistry data Result {
102 silly mapToRegistry   raw: 'findup-sync',
102 silly mapToRegistry   scope: null,
102 silly mapToRegistry   escapedName: 'findup-sync',
102 silly mapToRegistry   name: 'findup-sync',
102 silly mapToRegistry   rawSpec: '',
102 silly mapToRegistry   spec: 'latest',
102 silly mapToRegistry   type: 'tag' }
103 silly mapToRegistry uri https://registry.npmjs.org/findup-sync
104 silly fetchNamedPackageData grunt-known-options
105 silly mapToRegistry name grunt-known-options
106 silly mapToRegistry using default registry
107 silly mapToRegistry registry https://registry.npmjs.org/
108 silly mapToRegistry data Result {
108 silly mapToRegistry   raw: 'grunt-known-options',
108 silly mapToRegistry   scope: null,
108 silly mapToRegistry   escapedName: 'grunt-known-options',
108 silly mapToRegistry   name: 'grunt-known-options',
108 silly mapToRegistry   rawSpec: '',
108 silly mapToRegistry   spec: 'latest',
108 silly mapToRegistry   type: 'tag' }
109 silly mapToRegistry uri https://registry.npmjs.org/grunt-known-options
110 silly fetchNamedPackageData nopt
111 silly mapToRegistry name nopt
112 silly mapToRegistry using default registry
113 silly mapToRegistry registry https://registry.npmjs.org/
114 silly mapToRegistry data Result {
114 silly mapToRegistry   raw: 'nopt',
114 silly mapToRegistry   scope: null,
114 silly mapToRegistry   escapedName: 'nopt',
114 silly mapToRegistry   name: 'nopt',
114 silly mapToRegistry   rawSpec: '',
114 silly mapToRegistry   spec: 'latest',
114 silly mapToRegistry   type: 'tag' }
115 silly mapToRegistry uri https://registry.npmjs.org/nopt
116 silly fetchNamedPackageData resolve
117 silly mapToRegistry name resolve
118 silly mapToRegistry using default registry
119 silly mapToRegistry registry https://registry.npmjs.org/
120 silly mapToRegistry data Result {
120 silly mapToRegistry   raw: 'resolve',
120 silly mapToRegistry   scope: null,
120 silly mapToRegistry   escapedName: 'resolve',
120 silly mapToRegistry   name: 'resolve',
120 silly mapToRegistry   rawSpec: '',
120 silly mapToRegistry   spec: 'latest',
120 silly mapToRegistry   type: 'tag' }
121 silly mapToRegistry uri https://registry.npmjs.org/resolve
122 verbose request uri https://registry.npmjs.org/findup-sync
123 verbose request no auth needed
124 info attempt registry request try #1 at 15:26:27
125 verbose etag W/"58552985-4ae2"
126 verbose lastModified Sat, 17 Dec 2016 12:03:17 GMT
127 http request GET https://registry.npmjs.org/findup-sync
128 verbose request uri https://registry.npmjs.org/grunt-known-options
129 verbose request no auth needed
130 info attempt registry request try #1 at 15:26:27
131 verbose etag W/"56f9e838-dcc"
132 verbose lastModified Tue, 29 Mar 2016 02:28:08 GMT
133 http request GET https://registry.npmjs.org/grunt-known-options
134 verbose request uri https://registry.npmjs.org/resolve
135 verbose request no auth needed
136 info attempt registry request try #1 at 15:26:27
137 verbose etag W/"58552958-b3a1"
138 verbose lastModified Sat, 17 Dec 2016 12:02:32 GMT
139 http request GET https://registry.npmjs.org/resolve
140 verbose request uri https://registry.npmjs.org/nopt
141 verbose request no auth needed
142 info attempt registry request try #1 at 15:26:27
143 verbose etag W/"58518ed2-84a2"
144 verbose lastModified Wed, 14 Dec 2016 18:26:26 GMT
145 http request GET https://registry.npmjs.org/nopt
146 http 304 https://registry.npmjs.org/findup-sync
147 verbose headers { date: 'Mon, 03 Apr 2017 18:26:27 GMT',
147 verbose headers   via: '1.1 varnish',
147 verbose headers   'cache-control': 'max-age=300',
147 verbose headers   etag: 'W/"58552985-4ae2"',
147 verbose headers   age: '189',
147 verbose headers   connection: 'keep-alive',
147 verbose headers   'x-served-by': 'cache-gru7121-GRU',
147 verbose headers   'x-cache': 'HIT',
147 verbose headers   'x-cache-hits': '14',
147 verbose headers   'x-timer': 'S1491243987.240286,VS0,VE0',
147 verbose headers   vary: 'Accept-Encoding' }
148 silly get cb [ 304,
148 silly get   { date: 'Mon, 03 Apr 2017 18:26:27 GMT',
148 silly get     via: '1.1 varnish',
148 silly get     'cache-control': 'max-age=300',
148 silly get     etag: 'W/"58552985-4ae2"',
148 silly get     age: '189',
148 silly get     connection: 'keep-alive',
148 silly get     'x-served-by': 'cache-gru7121-GRU',
148 silly get     'x-cache': 'HIT',
148 silly get     'x-cache-hits': '14',
148 silly get     'x-timer': 'S1491243987.240286,VS0,VE0',
148 silly get     vary: 'Accept-Encoding' } ]
149 verbose etag https://registry.npmjs.org/findup-sync from cache
150 verbose get saving findup-sync to /home/aagunzi/.npm/registry.npmjs.org/findup-sync/.cache.json
151 verbose correctMkdir /home/aagunzi/.npm correctMkdir not in flight; initializing
152 http 304 https://registry.npmjs.org/grunt-known-options
153 verbose headers { date: 'Mon, 03 Apr 2017 18:26:27 GMT',
153 verbose headers   via: '1.1 varnish',
153 verbose headers   'cache-control': 'max-age=300',
153 verbose headers   etag: 'W/"56f9e838-dcc"',
153 verbose headers   age: '205',
153 verbose headers   connection: 'keep-alive',
153 verbose headers   'x-served-by': 'cache-gru7123-GRU',
153 verbose headers   'x-cache': 'HIT',
153 verbose headers   'x-cache-hits': '2',
153 verbose headers   'x-timer': 'S1491243987.240612,VS0,VE0',
153 verbose headers   vary: 'Accept-Encoding' }
154 silly get cb [ 304,
154 silly get   { date: 'Mon, 03 Apr 2017 18:26:27 GMT',
154 silly get     via: '1.1 varnish',
154 silly get     'cache-control': 'max-age=300',
154 silly get     etag: 'W/"56f9e838-dcc"',
154 silly get     age: '205',
154 silly get     connection: 'keep-alive',
154 silly get     'x-served-by': 'cache-gru7123-GRU',
154 silly get     'x-cache': 'HIT',
154 silly get     'x-cache-hits': '2',
154 silly get     'x-timer': 'S1491243987.240612,VS0,VE0',
154 silly get     vary: 'Accept-Encoding' } ]
155 verbose etag https://registry.npmjs.org/grunt-known-options from cache
156 verbose get saving grunt-known-options to /home/aagunzi/.npm/registry.npmjs.org/grunt-known-options/.cache.json
157 verbose correctMkdir /home/aagunzi/.npm correctMkdir not in flight; initializing
158 silly resolveWithNewModule grunt-known-options@1.1.0 checking installable status
159 silly cache add args [ 'grunt-known-options@~1.1.0', null ]
160 verbose cache add spec grunt-known-options@~1.1.0
161 silly cache add parsed spec Result {
161 silly cache add   raw: 'grunt-known-options@~1.1.0',
161 silly cache add   scope: null,
161 silly cache add   escapedName: 'grunt-known-options',
161 silly cache add   name: 'grunt-known-options',
161 silly cache add   rawSpec: '~1.1.0',
161 silly cache add   spec: '>=1.1.0 <1.2.0',
161 silly cache add   type: 'range' }
162 silly addNamed grunt-known-options@>=1.1.0 <1.2.0
163 verbose addNamed ">=1.1.0 <1.2.0" is a valid semver range for grunt-known-options
164 silly addNameRange { name: 'grunt-known-options',
164 silly addNameRange   range: '>=1.1.0 <1.2.0',
164 silly addNameRange   hasData: false }
165 silly mapToRegistry name grunt-known-options
166 silly mapToRegistry using default registry
167 silly mapToRegistry registry https://registry.npmjs.org/
168 silly mapToRegistry data Result {
168 silly mapToRegistry   raw: 'grunt-known-options',
168 silly mapToRegistry   scope: null,
168 silly mapToRegistry   escapedName: 'grunt-known-options',
168 silly mapToRegistry   name: 'grunt-known-options',
168 silly mapToRegistry   rawSpec: '',
168 silly mapToRegistry   spec: 'latest',
168 silly mapToRegistry   type: 'tag' }
169 silly mapToRegistry uri https://registry.npmjs.org/grunt-known-options
170 verbose addNameRange registry:https://registry.npmjs.org/grunt-known-options not in flight; fetching
171 verbose get https://registry.npmjs.org/grunt-known-options not expired, no request
172 silly addNameRange number 2 { name: 'grunt-known-options',
172 silly addNameRange   range: '>=1.1.0 <1.2.0',
172 silly addNameRange   hasData: true }
173 silly addNameRange versions [ 'grunt-known-options', [ '1.0.0', '1.1.0' ] ]
174 silly addNamed grunt-known-options@1.1.0
175 verbose addNamed "1.1.0" is a plain semver version for grunt-known-options
176 silly resolveWithNewModule findup-sync@0.3.0 checking installable status
177 silly cache add args [ 'findup-sync@~0.3.0', null ]
178 verbose cache add spec findup-sync@~0.3.0
179 silly cache add parsed spec Result {
179 silly cache add   raw: 'findup-sync@~0.3.0',
179 silly cache add   scope: null,
179 silly cache add   escapedName: 'findup-sync',
179 silly cache add   name: 'findup-sync',
179 silly cache add   rawSpec: '~0.3.0',
179 silly cache add   spec: '>=0.3.0 <0.4.0',
179 silly cache add   type: 'range' }
180 silly addNamed findup-sync@>=0.3.0 <0.4.0
181 verbose addNamed ">=0.3.0 <0.4.0" is a valid semver range for findup-sync
182 silly addNameRange { name: 'findup-sync', range: '>=0.3.0 <0.4.0', hasData: false }
183 silly mapToRegistry name findup-sync
184 silly mapToRegistry using default registry
185 silly mapToRegistry registry https://registry.npmjs.org/
186 silly mapToRegistry data Result {
186 silly mapToRegistry   raw: 'findup-sync',
186 silly mapToRegistry   scope: null,
186 silly mapToRegistry   escapedName: 'findup-sync',
186 silly mapToRegistry   name: 'findup-sync',
186 silly mapToRegistry   rawSpec: '',
186 silly mapToRegistry   spec: 'latest',
186 silly mapToRegistry   type: 'tag' }
187 silly mapToRegistry uri https://registry.npmjs.org/findup-sync
188 verbose addNameRange registry:https://registry.npmjs.org/findup-sync not in flight; fetching
189 verbose get https://registry.npmjs.org/findup-sync not expired, no request
190 silly addNameRange number 2 { name: 'findup-sync', range: '>=0.3.0 <0.4.0', hasData: true }
191 silly addNameRange versions [ 'findup-sync',
191 silly addNameRange   [ '0.1.0',
191 silly addNameRange     '0.1.1',
191 silly addNameRange     '0.1.2',
191 silly addNameRange     '0.1.3',
191 silly addNameRange     '0.2.0',
191 silly addNameRange     '0.2.1',
191 silly addNameRange     '0.3.0',
191 silly addNameRange     '0.4.0',
191 silly addNameRange     '0.4.1',
191 silly addNameRange     '0.4.2',
191 silly addNameRange     '0.4.3' ] ]
192 silly addNamed findup-sync@0.3.0
193 verbose addNamed "0.3.0" is a plain semver version for findup-sync
194 silly cache afterAdd grunt-known-options@1.1.0
195 verbose afterAdd /home/aagunzi/.npm/grunt-known-options/1.1.0/package/package.json not in flight; writing
196 verbose correctMkdir /home/aagunzi/.npm correctMkdir not in flight; initializing
197 silly cache afterAdd findup-sync@0.3.0
198 verbose afterAdd /home/aagunzi/.npm/findup-sync/0.3.0/package/package.json not in flight; writing
199 verbose correctMkdir /home/aagunzi/.npm correctMkdir not in flight; initializing
200 verbose afterAdd /home/aagunzi/.npm/grunt-known-options/1.1.0/package/package.json written
201 verbose afterAdd /home/aagunzi/.npm/findup-sync/0.3.0/package/package.json written
202 http 304 https://registry.npmjs.org/nopt
203 verbose headers { date: 'Mon, 03 Apr 2017 18:26:27 GMT',
203 verbose headers   via: '1.1 varnish',
203 verbose headers   'cache-control': 'max-age=300',
203 verbose headers   etag: 'W/"58518ed2-84a2"',
203 verbose headers   age: '235',
203 verbose headers   connection: 'keep-alive',
203 verbose headers   'x-served-by': 'cache-gru7122-GRU',
203 verbose headers   'x-cache': 'HIT',
203 verbose headers   'x-cache-hits': '18',
203 verbose headers   'x-timer': 'S1491243987.358394,VS0,VE0',
203 verbose headers   vary: 'Accept-Encoding' }
204 silly get cb [ 304,
204 silly get   { date: 'Mon, 03 Apr 2017 18:26:27 GMT',
204 silly get     via: '1.1 varnish',
204 silly get     'cache-control': 'max-age=300',
204 silly get     etag: 'W/"58518ed2-84a2"',
204 silly get     age: '235',
204 silly get     connection: 'keep-alive',
204 silly get     'x-served-by': 'cache-gru7122-GRU',
204 silly get     'x-cache': 'HIT',
204 silly get     'x-cache-hits': '18',
204 silly get     'x-timer': 'S1491243987.358394,VS0,VE0',
204 silly get     vary: 'Accept-Encoding' } ]
205 verbose etag https://registry.npmjs.org/nopt from cache
206 verbose get saving nopt to /home/aagunzi/.npm/registry.npmjs.org/nopt/.cache.json
207 verbose correctMkdir /home/aagunzi/.npm correctMkdir not in flight; initializing
208 http 200 https://registry.npmjs.org/resolve
209 verbose headers { server: 'nginx/1.10.1',
209 verbose headers   'content-type': 'application/json',
209 verbose headers   'last-modified': 'Sun, 26 Feb 2017 23:01:41 GMT',
209 verbose headers   etag: 'W/"58b35e55-ca92"',
209 verbose headers   'content-encoding': 'gzip',
209 verbose headers   'cache-control': 'max-age=300',
209 verbose headers   'content-length': '6176',
209 verbose headers   'accept-ranges': 'bytes',
209 verbose headers   date: 'Mon, 03 Apr 2017 18:26:27 GMT',
209 verbose headers   via: '1.1 varnish',
209 verbose headers   age: '166',
209 verbose headers   connection: 'keep-alive',
209 verbose headers   'x-served-by': 'cache-gru7123-GRU',
209 verbose headers   'x-cache': 'HIT',
209 verbose headers   'x-cache-hits': '10',
209 verbose headers   'x-timer': 'S1491243987.358738,VS0,VE0',
209 verbose headers   vary: 'Accept-Encoding' }
210 silly get cb [ 200,
210 silly get   { server: 'nginx/1.10.1',
210 silly get     'content-type': 'application/json',
210 silly get     'last-modified': 'Sun, 26 Feb 2017 23:01:41 GMT',
210 silly get     etag: 'W/"58b35e55-ca92"',
210 silly get     'content-encoding': 'gzip',
210 silly get     'cache-control': 'max-age=300',
210 silly get     'content-length': '6176',
210 silly get     'accept-ranges': 'bytes',
210 silly get     date: 'Mon, 03 Apr 2017 18:26:27 GMT',
210 silly get     via: '1.1 varnish',
210 silly get     age: '166',
210 silly get     connection: 'keep-alive',
210 silly get     'x-served-by': 'cache-gru7123-GRU',
210 silly get     'x-cache': 'HIT',
210 silly get     'x-cache-hits': '10',
210 silly get     'x-timer': 'S1491243987.358738,VS0,VE0',
210 silly get     vary: 'Accept-Encoding' } ]
211 verbose get saving resolve to /home/aagunzi/.npm/registry.npmjs.org/resolve/.cache.json
212 verbose correctMkdir /home/aagunzi/.npm correctMkdir not in flight; initializing
213 silly resolveWithNewModule nopt@3.0.6 checking installable status
214 silly cache add args [ 'nopt@~3.0.6', null ]
215 verbose cache add spec nopt@~3.0.6
216 silly cache add parsed spec Result {
216 silly cache add   raw: 'nopt@~3.0.6',
216 silly cache add   scope: null,
216 silly cache add   escapedName: 'nopt',
216 silly cache add   name: 'nopt',
216 silly cache add   rawSpec: '~3.0.6',
216 silly cache add   spec: '>=3.0.6 <3.1.0',
216 silly cache add   type: 'range' }
217 silly addNamed nopt@>=3.0.6 <3.1.0
218 verbose addNamed ">=3.0.6 <3.1.0" is a valid semver range for nopt
219 silly addNameRange { name: 'nopt', range: '>=3.0.6 <3.1.0', hasData: false }
220 silly mapToRegistry name nopt
221 silly mapToRegistry using default registry
222 silly mapToRegistry registry https://registry.npmjs.org/
223 silly mapToRegistry data Result {
223 silly mapToRegistry   raw: 'nopt',
223 silly mapToRegistry   scope: null,
223 silly mapToRegistry   escapedName: 'nopt',
223 silly mapToRegistry   name: 'nopt',
223 silly mapToRegistry   rawSpec: '',
223 silly mapToRegistry   spec: 'latest',
223 silly mapToRegistry   type: 'tag' }
224 silly mapToRegistry uri https://registry.npmjs.org/nopt
225 verbose addNameRange registry:https://registry.npmjs.org/nopt not in flight; fetching
226 verbose get https://registry.npmjs.org/nopt not expired, no request
227 silly addNameRange number 2 { name: 'nopt', range: '>=3.0.6 <3.1.0', hasData: true }
228 silly addNameRange versions [ 'nopt',
228 silly addNameRange   [ '1.0.0',
228 silly addNameRange     '1.0.1',
228 silly addNameRange     '1.0.2',
228 silly addNameRange     '1.0.3',
228 silly addNameRange     '1.0.4',
228 silly addNameRange     '1.0.5',
228 silly addNameRange     '1.0.6',
228 silly addNameRange     '1.0.7',
228 silly addNameRange     '1.0.8',
228 silly addNameRange     '1.0.9',
228 silly addNameRange     '1.0.10',
228 silly addNameRange     '2.0.0',
228 silly addNameRange     '2.1.0',
228 silly addNameRange     '2.1.1',
228 silly addNameRange     '2.1.2',
228 silly addNameRange     '2.2.0',
228 silly addNameRange     '2.2.1',
228 silly addNameRange     '3.0.0',
228 silly addNameRange     '3.0.1',
228 silly addNameRange     '3.0.2',
228 silly addNameRange     '3.0.3',
228 silly addNameRange     '3.0.4',
228 silly addNameRange     '3.0.5',
228 silly addNameRange     '3.0.6',
228 silly addNameRange     '4.0.0',
228 silly addNameRange     '4.0.1' ] ]
229 silly addNamed nopt@3.0.6
230 verbose addNamed "3.0.6" is a plain semver version for nopt
231 silly resolveWithNewModule resolve@1.1.7 checking installable status
232 silly cache add args [ 'resolve@~1.1.0', null ]
233 verbose cache add spec resolve@~1.1.0
234 silly cache add parsed spec Result {
234 silly cache add   raw: 'resolve@~1.1.0',
234 silly cache add   scope: null,
234 silly cache add   escapedName: 'resolve',
234 silly cache add   name: 'resolve',
234 silly cache add   rawSpec: '~1.1.0',
234 silly cache add   spec: '>=1.1.0 <1.2.0',
234 silly cache add   type: 'range' }
235 silly addNamed resolve@>=1.1.0 <1.2.0
236 verbose addNamed ">=1.1.0 <1.2.0" is a valid semver range for resolve
237 silly addNameRange { name: 'resolve', range: '>=1.1.0 <1.2.0', hasData: false }
238 silly mapToRegistry name resolve
239 silly mapToRegistry using default registry
240 silly mapToRegistry registry https://registry.npmjs.org/
241 silly mapToRegistry data Result {
241 silly mapToRegistry   raw: 'resolve',
241 silly mapToRegistry   scope: null,
241 silly mapToRegistry   escapedName: 'resolve',
241 silly mapToRegistry   name: 'resolve',
241 silly mapToRegistry   rawSpec: '',
241 silly mapToRegistry   spec: 'latest',
241 silly mapToRegistry   type: 'tag' }
242 silly mapToRegistry uri https://registry.npmjs.org/resolve
243 verbose addNameRange registry:https://registry.npmjs.org/resolve not in flight; fetching
244 verbose get https://registry.npmjs.org/resolve not expired, no request
245 silly addNameRange number 2 { name: 'resolve', range: '>=1.1.0 <1.2.0', hasData: true }
246 silly addNameRange versions [ 'resolve',
246 silly addNameRange   [ '0.0.0',
246 silly addNameRange     '0.0.1',
246 silly addNameRange     '0.0.2',
246 silly addNameRange     '0.0.3',
246 silly addNameRange     '0.0.4',
246 silly addNameRange     '0.1.0',
246 silly addNameRange     '0.1.2',
246 silly addNameRange     '0.1.3',
246 silly addNameRange     '0.2.0',
246 silly addNameRange     '0.2.1',
246 silly addNameRange     '0.2.2',
246 silly addNameRange     '0.2.3',
246 silly addNameRange     '0.2.4',
246 silly addNameRange     '0.2.5',
246 silly addNameRange     '0.2.6',
246 silly addNameRange     '0.2.7',
246 silly addNameRange     '0.2.8',
246 silly addNameRange     '0.3.0',
246 silly addNameRange     '0.3.1',
246 silly addNameRange     '0.4.0',
246 silly addNameRange     '0.4.1',
246 silly addNameRange     '0.4.2',
246 silly addNameRange     '0.4.3',
246 silly addNameRange     '0.5.0',
246 silly addNameRange     '0.5.1',
246 silly addNameRange     '0.6.0',
246 silly addNameRange     '0.6.1',
246 silly addNameRange     '0.6.2',
246 silly addNameRange     '0.6.3',
246 silly addNameRange     '0.7.0',
246 silly addNameRange     '0.7.1',
246 silly addNameRange     '0.7.2',
246 silly addNameRange     '0.7.3',
246 silly addNameRange     '0.7.4',
246 silly addNameRange     '1.0.0',
246 silly addNameRange     '1.1.0',
246 silly addNameRange     '1.1.2',
246 silly addNameRange     '1.1.3',
246 silly addNameRange     '1.1.4',
246 silly addNameRange     '1.1.5',
246 silly addNameRange     '1.1.6',
246 silly addNameRange     '1.1.7',
246 silly addNameRange     '1.2.0',
246 silly addNameRange     '1.3.0',
246 silly addNameRange     '1.3.1',
246 silly addNameRange     '1.2.1',
246 silly addNameRange     '1.3.2' ] ]
247 silly addNamed resolve@1.1.7
248 verbose addNamed "1.1.7" is a plain semver version for resolve
249 silly cache afterAdd nopt@3.0.6
250 verbose afterAdd /home/aagunzi/.npm/nopt/3.0.6/package/package.json not in flight; writing
251 verbose correctMkdir /home/aagunzi/.npm correctMkdir not in flight; initializing
252 silly cache afterAdd resolve@1.1.7
253 verbose afterAdd /home/aagunzi/.npm/resolve/1.1.7/package/package.json not in flight; writing
254 verbose correctMkdir /home/aagunzi/.npm correctMkdir not in flight; initializing
255 verbose afterAdd /home/aagunzi/.npm/nopt/3.0.6/package/package.json written
256 verbose afterAdd /home/aagunzi/.npm/resolve/1.1.7/package/package.json written
257 silly fetchNamedPackageData glob
258 silly mapToRegistry name glob
259 silly mapToRegistry using default registry
260 silly mapToRegistry registry https://registry.npmjs.org/
261 silly mapToRegistry data Result {
261 silly mapToRegistry   raw: 'glob',
261 silly mapToRegistry   scope: null,
261 silly mapToRegistry   escapedName: 'glob',
261 silly mapToRegistry   name: 'glob',
261 silly mapToRegistry   rawSpec: '',
261 silly mapToRegistry   spec: 'latest',
261 silly mapToRegistry   type: 'tag' }
262 silly mapToRegistry uri https://registry.npmjs.org/glob
263 verbose request uri https://registry.npmjs.org/glob
264 verbose request no auth needed
265 info attempt registry request try #1 at 15:26:27
266 verbose etag W/"588dcbd8-1f60e"
267 verbose lastModified Sun, 29 Jan 2017 11:02:48 GMT
268 http request GET https://registry.npmjs.org/glob
269 http 200 https://registry.npmjs.org/glob
270 verbose headers { server: 'nginx/1.10.1',
270 verbose headers   'content-type': 'application/json',
270 verbose headers   'last-modified': 'Mon, 27 Mar 2017 09:37:38 GMT',
270 verbose headers   etag: 'W/"58d8dd62-1f6c4"',
270 verbose headers   'content-encoding': 'gzip',
270 verbose headers   'cache-control': 'max-age=300',
270 verbose headers   'content-length': '17926',
270 verbose headers   'accept-ranges': 'bytes',
270 verbose headers   date: 'Mon, 03 Apr 2017 18:26:27 GMT',
270 verbose headers   via: '1.1 varnish',
270 verbose headers   age: '5',
270 verbose headers   connection: 'keep-alive',
270 verbose headers   'x-served-by': 'cache-gru7121-GRU',
270 verbose headers   'x-cache': 'HIT',
270 verbose headers   'x-cache-hits': '1',
270 verbose headers   'x-timer': 'S1491243988.570093,VS0,VE1',
270 verbose headers   vary: 'Accept-Encoding' }
271 silly get cb [ 200,
271 silly get   { server: 'nginx/1.10.1',
271 silly get     'content-type': 'application/json',
271 silly get     'last-modified': 'Mon, 27 Mar 2017 09:37:38 GMT',
271 silly get     etag: 'W/"58d8dd62-1f6c4"',
271 silly get     'content-encoding': 'gzip',
271 silly get     'cache-control': 'max-age=300',
271 silly get     'content-length': '17926',
271 silly get     'accept-ranges': 'bytes',
271 silly get     date: 'Mon, 03 Apr 2017 18:26:27 GMT',
271 silly get     via: '1.1 varnish',
271 silly get     age: '5',
271 silly get     connection: 'keep-alive',
271 silly get     'x-served-by': 'cache-gru7121-GRU',
271 silly get     'x-cache': 'HIT',
271 silly get     'x-cache-hits': '1',
271 silly get     'x-timer': 'S1491243988.570093,VS0,VE1',
271 silly get     vary: 'Accept-Encoding' } ]
272 verbose get saving glob to /home/aagunzi/.npm/registry.npmjs.org/glob/.cache.json
273 verbose correctMkdir /home/aagunzi/.npm correctMkdir not in flight; initializing
274 silly resolveWithNewModule glob@5.0.15 checking installable status
275 silly cache add args [ 'glob@~5.0.0', null ]
276 verbose cache add spec glob@~5.0.0
277 silly cache add parsed spec Result {
277 silly cache add   raw: 'glob@~5.0.0',
277 silly cache add   scope: null,
277 silly cache add   escapedName: 'glob',
277 silly cache add   name: 'glob',
277 silly cache add   rawSpec: '~5.0.0',
277 silly cache add   spec: '>=5.0.0 <5.1.0',
277 silly cache add   type: 'range' }
278 silly addNamed glob@>=5.0.0 <5.1.0
279 verbose addNamed ">=5.0.0 <5.1.0" is a valid semver range for glob
280 silly addNameRange { name: 'glob', range: '>=5.0.0 <5.1.0', hasData: false }
281 silly mapToRegistry name glob
282 silly mapToRegistry using default registry
283 silly mapToRegistry registry https://registry.npmjs.org/
284 silly mapToRegistry data Result {
284 silly mapToRegistry   raw: 'glob',
284 silly mapToRegistry   scope: null,
284 silly mapToRegistry   escapedName: 'glob',
284 silly mapToRegistry   name: 'glob',
284 silly mapToRegistry   rawSpec: '',
284 silly mapToRegistry   spec: 'latest',
284 silly mapToRegistry   type: 'tag' }
285 silly mapToRegistry uri https://registry.npmjs.org/glob
286 verbose addNameRange registry:https://registry.npmjs.org/glob not in flight; fetching
287 verbose get https://registry.npmjs.org/glob not expired, no request
288 silly addNameRange number 2 { name: 'glob', range: '>=5.0.0 <5.1.0', hasData: true }
289 silly addNameRange versions [ 'glob',
289 silly addNameRange   [ '1.1.0',
289 silly addNameRange     '2.0.9',
289 silly addNameRange     '2.0.8',
289 silly addNameRange     '2.0.7',
289 silly addNameRange     '2.1.0',
289 silly addNameRange     '3.0.0',
289 silly addNameRange     '3.0.1',
289 silly addNameRange     '3.1.0',
289 silly addNameRange     '3.1.1',
289 silly addNameRange     '3.1.2',
289 silly addNameRange     '3.1.3',
289 silly addNameRange     '3.1.4',
289 silly addNameRange     '3.1.5',
289 silly addNameRange     '3.1.6',
289 silly addNameRange     '3.1.7',
289 silly addNameRange     '3.1.9',
289 silly addNameRange     '3.1.10',
289 silly addNameRange     '3.1.11',
289 silly addNameRange     '3.1.12',
289 silly addNameRange     '3.1.13',
289 silly addNameRange     '3.1.14',
289 silly addNameRange     '3.1.15',
289 silly addNameRange     '3.1.16',
289 silly addNameRange     '3.1.17',
289 silly addNameRange     '3.1.18',
289 silly addNameRange     '3.1.19',
289 silly addNameRange     '3.1.20',
289 silly addNameRange     '3.1.21',
289 silly addNameRange     '3.2.0',
289 silly addNameRange     '3.2.1',
289 silly addNameRange     '3.2.3',
289 silly addNameRange     '3.2.4',
289 silly addNameRange     '3.2.5',
289 silly addNameRange     '3.2.6',
289 silly addNameRange     '3.2.7',
289 silly addNameRange     '3.2.8',
289 silly addNameRange     '3.2.9',
289 silly addNameRange     '3.2.10',
289 silly addNameRange     '3.2.11',
289 silly addNameRange     '4.0.0',
289 silly addNameRange     '4.0.1',
289 silly addNameRange     '4.0.2',
289 silly addNameRange     '4.0.3',
289 silly addNameRange     '4.0.4',
289 silly addNameRange     '4.0.5',
289 silly addNameRange     '4.0.6',
289 silly addNameRange     '4.1.2-beta',
289 silly addNameRange     '4.1.2',
289 silly addNameRange     '4.1.3',
289 silly addNameRange     '4.1.4',
289 silly addNameRange     '4.1.5',
289 silly addNameRange     '4.1.6',
289 silly addNameRange     '4.2.0',
289 silly addNameRange     '4.2.1',
289 silly addNameRange     '4.2.2',
289 silly addNameRange     '4.3.0',
289 silly addNameRange     '4.3.1',
289 silly addNameRange     '4.3.2',
289 silly addNameRange     '4.3.3',
289 silly addNameRange     '4.3.4',
289 silly addNameRange     '4.3.5',
289 silly addNameRange     '4.4.0',
289 silly addNameRange     '4.4.2',
289 silly addNameRange     '4.5.0',
289 silly addNameRange     '5.0.0',
289 silly addNameRange     '4.5.1',
289 silly addNameRange     '5.0.1',
289 silly addNameRange     '4.5.2',
289 silly addNameRange     '5.0.2',
289 silly addNameRange     '4.5.3',
289 silly addNameRange     '5.0.3',
289 silly addNameRange     '5.0.4',
289 silly addNameRange     '5.0.5',
289 silly addNameRange     '5.0.6',
289 silly addNameRange     '5.0.7',
289 silly addNameRange     '5.0.9',
289 silly addNameRange     '5.0.10',
289 silly addNameRange     '5.0.11',
289 silly addNameRange     '5.0.12',
289 silly addNameRange     '5.0.13',
289 silly addNameRange     '5.0.14',
289 silly addNameRange     '5.0.15',
289 silly addNameRange     '6.0.1',
289 silly addNameRange     '6.0.2',
289 silly addNameRange     '6.0.3',
289 silly addNameRange     '6.0.4',
289 silly addNameRange     '7.0.0',
289 silly addNameRange     '7.0.1',
289 silly addNameRange     '7.0.3',
289 silly addNameRange     '7.0.4',
289 silly addNameRange     '7.0.5',
289 silly addNameRange     '7.0.6',
289 silly addNameRange     '7.1.0',
289 silly addNameRange     '7.1.1' ] ]
290 silly addNamed glob@5.0.15
291 verbose addNamed "5.0.15" is a plain semver version for glob
292 silly cache afterAdd glob@5.0.15
293 verbose afterAdd /home/aagunzi/.npm/glob/5.0.15/package/package.json not in flight; writing
294 verbose correctMkdir /home/aagunzi/.npm correctMkdir not in flight; initializing
295 verbose afterAdd /home/aagunzi/.npm/glob/5.0.15/package/package.json written
296 silly fetchNamedPackageData inflight
297 silly mapToRegistry name inflight
298 silly mapToRegistry using default registry
299 silly mapToRegistry registry https://registry.npmjs.org/
300 silly mapToRegistry data Result {
300 silly mapToRegistry   raw: 'inflight',
300 silly mapToRegistry   scope: null,
300 silly mapToRegistry   escapedName: 'inflight',
300 silly mapToRegistry   name: 'inflight',
300 silly mapToRegistry   rawSpec: '',
300 silly mapToRegistry   spec: 'latest',
300 silly mapToRegistry   type: 'tag' }
301 silly mapToRegistry uri https://registry.npmjs.org/inflight
302 silly fetchNamedPackageData inherits
303 silly mapToRegistry name inherits
304 silly mapToRegistry using default registry
305 silly mapToRegistry registry https://registry.npmjs.org/
306 silly mapToRegistry data Result {
306 silly mapToRegistry   raw: 'inherits',
306 silly mapToRegistry   scope: null,
306 silly mapToRegistry   escapedName: 'inherits',
306 silly mapToRegistry   name: 'inherits',
306 silly mapToRegistry   rawSpec: '',
306 silly mapToRegistry   spec: 'latest',
306 silly mapToRegistry   type: 'tag' }
307 silly mapToRegistry uri https://registry.npmjs.org/inherits
308 silly fetchNamedPackageData minimatch
309 silly mapToRegistry name minimatch
310 silly mapToRegistry using default registry
311 silly mapToRegistry registry https://registry.npmjs.org/
312 silly mapToRegistry data Result {
312 silly mapToRegistry   raw: 'minimatch',
312 silly mapToRegistry   scope: null,
312 silly mapToRegistry   escapedName: 'minimatch',
312 silly mapToRegistry   name: 'minimatch',
312 silly mapToRegistry   rawSpec: '',
312 silly mapToRegistry   spec: 'latest',
312 silly mapToRegistry   type: 'tag' }
313 silly mapToRegistry uri https://registry.npmjs.org/minimatch
314 silly fetchNamedPackageData once
315 silly mapToRegistry name once
316 silly mapToRegistry using default registry
317 silly mapToRegistry registry https://registry.npmjs.org/
318 silly mapToRegistry data Result {
318 silly mapToRegistry   raw: 'once',
318 silly mapToRegistry   scope: null,
318 silly mapToRegistry   escapedName: 'once',
318 silly mapToRegistry   name: 'once',
318 silly mapToRegistry   rawSpec: '',
318 silly mapToRegistry   spec: 'latest',
318 silly mapToRegistry   type: 'tag' }
319 silly mapToRegistry uri https://registry.npmjs.org/once
320 silly fetchNamedPackageData path-is-absolute
321 silly mapToRegistry name path-is-absolute
322 silly mapToRegistry using default registry
323 silly mapToRegistry registry https://registry.npmjs.org/
324 silly mapToRegistry data Result {
324 silly mapToRegistry   raw: 'path-is-absolute',
324 silly mapToRegistry   scope: null,
324 silly mapToRegistry   escapedName: 'path-is-absolute',
324 silly mapToRegistry   name: 'path-is-absolute',
324 silly mapToRegistry   rawSpec: '',
324 silly mapToRegistry   spec: 'latest',
324 silly mapToRegistry   type: 'tag' }
325 silly mapToRegistry uri https://registry.npmjs.org/path-is-absolute
326 verbose request uri https://registry.npmjs.org/inflight
327 verbose request no auth needed
328 info attempt registry request try #1 at 15:26:27
329 verbose etag W/"5818d131-25a6"
330 verbose lastModified Tue, 01 Nov 2016 17:30:25 GMT
331 http request GET https://registry.npmjs.org/inflight
332 verbose request uri https://registry.npmjs.org/inherits
333 verbose request no auth needed
334 info attempt registry request try #1 at 15:26:27
335 verbose etag W/"5881edff-2213"
336 verbose lastModified Fri, 20 Jan 2017 11:01:19 GMT
337 http request GET https://registry.npmjs.org/inherits
338 verbose request uri https://registry.npmjs.org/minimatch
339 verbose request no auth needed
340 info attempt registry request try #1 at 15:26:27
341 verbose etag W/"58633713-cbcb"
342 verbose lastModified Wed, 28 Dec 2016 03:52:51 GMT
343 http request GET https://registry.npmjs.org/minimatch
344 verbose request uri https://registry.npmjs.org/once
345 verbose request no auth needed
346 info attempt registry request try #1 at 15:26:27
347 verbose etag W/"58817525-25c4"
348 verbose lastModified Fri, 20 Jan 2017 02:25:41 GMT
349 http request GET https://registry.npmjs.org/once
350 verbose request uri https://registry.npmjs.org/path-is-absolute
351 verbose request no auth needed
352 info attempt registry request try #1 at 15:26:27
353 verbose etag W/"5818d860-1312"
354 verbose lastModified Tue, 01 Nov 2016 18:01:04 GMT
355 http request GET https://registry.npmjs.org/path-is-absolute
356 http 304 https://registry.npmjs.org/inflight
357 verbose headers { date: 'Mon, 03 Apr 2017 18:26:27 GMT',
357 verbose headers   via: '1.1 varnish',
357 verbose headers   'cache-control': 'max-age=300',
357 verbose headers   etag: 'W/"5818d131-25a6"',
357 verbose headers   age: '2',
357 verbose headers   connection: 'keep-alive',
357 verbose headers   'x-served-by': 'cache-gru7123-GRU',
357 verbose headers   'x-cache': 'HIT',
357 verbose headers   'x-cache-hits': '2',
357 verbose headers   'x-timer': 'S1491243987.839438,VS0,VE0',
357 verbose headers   vary: 'Accept-Encoding' }
358 silly get cb [ 304,
358 silly get   { date: 'Mon, 03 Apr 2017 18:26:27 GMT',
358 silly get     via: '1.1 varnish',
358 silly get     'cache-control': 'max-age=300',
358 silly get     etag: 'W/"5818d131-25a6"',
358 silly get     age: '2',
358 silly get     connection: 'keep-alive',
358 silly get     'x-served-by': 'cache-gru7123-GRU',
358 silly get     'x-cache': 'HIT',
358 silly get     'x-cache-hits': '2',
358 silly get     'x-timer': 'S1491243987.839438,VS0,VE0',
358 silly get     vary: 'Accept-Encoding' } ]
359 verbose etag https://registry.npmjs.org/inflight from cache
360 verbose get saving inflight to /home/aagunzi/.npm/registry.npmjs.org/inflight/.cache.json
361 verbose correctMkdir /home/aagunzi/.npm correctMkdir not in flight; initializing
362 http 304 https://registry.npmjs.org/inherits
363 verbose headers { date: 'Mon, 03 Apr 2017 18:26:27 GMT',
363 verbose headers   via: '1.1 varnish',
363 verbose headers   'cache-control': 'max-age=300',
363 verbose headers   etag: 'W/"5881edff-2213"',
363 verbose headers   age: '132',
363 verbose headers   connection: 'keep-alive',
363 verbose headers   'x-served-by': 'cache-gru7122-GRU',
363 verbose headers   'x-cache': 'HIT',
363 verbose headers   'x-cache-hits': '17',
363 verbose headers   'x-timer': 'S1491243987.840501,VS0,VE0',
363 verbose headers   vary: 'Accept-Encoding' }
364 silly get cb [ 304,
364 silly get   { date: 'Mon, 03 Apr 2017 18:26:27 GMT',
364 silly get     via: '1.1 varnish',
364 silly get     'cache-control': 'max-age=300',
364 silly get     etag: 'W/"5881edff-2213"',
364 silly get     age: '132',
364 silly get     connection: 'keep-alive',
364 silly get     'x-served-by': 'cache-gru7122-GRU',
364 silly get     'x-cache': 'HIT',
364 silly get     'x-cache-hits': '17',
364 silly get     'x-timer': 'S1491243987.840501,VS0,VE0',
364 silly get     vary: 'Accept-Encoding' } ]
365 verbose etag https://registry.npmjs.org/inherits from cache
366 verbose get saving inherits to /home/aagunzi/.npm/registry.npmjs.org/inherits/.cache.json
367 verbose correctMkdir /home/aagunzi/.npm correctMkdir not in flight; initializing
368 http 200 https://registry.npmjs.org/once
369 verbose headers { server: 'nginx/1.10.1',
369 verbose headers   'content-type': 'application/json',
369 verbose headers   'last-modified': 'Sun, 05 Mar 2017 10:34:17 GMT',
369 verbose headers   etag: 'W/"58bbe9a9-25e7"',
369 verbose headers   'content-encoding': 'gzip',
369 verbose headers   'cache-control': 'max-age=300',
369 verbose headers   'content-length': '2438',
369 verbose headers   'accept-ranges': 'bytes',
369 verbose headers   date: 'Mon, 03 Apr 2017 18:26:27 GMT',
369 verbose headers   via: '1.1 varnish',
369 verbose headers   age: '158',
369 verbose headers   connection: 'keep-alive',
369 verbose headers   'x-served-by': 'cache-gru7121-GRU',
369 verbose headers   'x-cache': 'HIT',
369 verbose headers   'x-cache-hits': '12',
369 verbose headers   'x-timer': 'S1491243988.841863,VS0,VE0',
369 verbose headers   vary: 'Accept-Encoding' }
370 silly get cb [ 200,
370 silly get   { server: 'nginx/1.10.1',
370 silly get     'content-type': 'application/json',
370 silly get     'last-modified': 'Sun, 05 Mar 2017 10:34:17 GMT',
370 silly get     etag: 'W/"58bbe9a9-25e7"',
370 silly get     'content-encoding': 'gzip',
370 silly get     'cache-control': 'max-age=300',
370 silly get     'content-length': '2438',
370 silly get     'accept-ranges': 'bytes',
370 silly get     date: 'Mon, 03 Apr 2017 18:26:27 GMT',
370 silly get     via: '1.1 varnish',
370 silly get     age: '158',
370 silly get     connection: 'keep-alive',
370 silly get     'x-served-by': 'cache-gru7121-GRU',
370 silly get     'x-cache': 'HIT',
370 silly get     'x-cache-hits': '12',
370 silly get     'x-timer': 'S1491243988.841863,VS0,VE0',
370 silly get     vary: 'Accept-Encoding' } ]
371 verbose get saving once to /home/aagunzi/.npm/registry.npmjs.org/once/.cache.json
372 verbose correctMkdir /home/aagunzi/.npm correctMkdir not in flight; initializing
373 http 200 https://registry.npmjs.org/minimatch
374 verbose headers { server: 'nginx/1.10.1',
374 verbose headers   'content-type': 'application/json',
374 verbose headers   'last-modified': 'Thu, 30 Mar 2017 17:51:42 GMT',
374 verbose headers   etag: 'W/"58dd45ae-cc3a"',
374 verbose headers   'content-encoding': 'gzip',
374 verbose headers   'cache-control': 'max-age=300',
374 verbose headers   'content-length': '7810',
374 verbose headers   'accept-ranges': 'bytes',
374 verbose headers   date: 'Mon, 03 Apr 2017 18:26:27 GMT',
374 verbose headers   via: '1.1 varnish',
374 verbose headers   age: '140',
374 verbose headers   connection: 'keep-alive',
374 verbose headers   'x-served-by': 'cache-gru7123-GRU',
374 verbose headers   'x-cache': 'HIT',
374 verbose headers   'x-cache-hits': '1156',
374 verbose headers   'x-timer': 'S1491243987.840764,VS0,VE0',
374 verbose headers   vary: 'Accept-Encoding' }
375 silly get cb [ 200,
375 silly get   { server: 'nginx/1.10.1',
375 silly get     'content-type': 'application/json',
375 silly get     'last-modified': 'Thu, 30 Mar 2017 17:51:42 GMT',
375 silly get     etag: 'W/"58dd45ae-cc3a"',
375 silly get     'content-encoding': 'gzip',
375 silly get     'cache-control': 'max-age=300',
375 silly get     'content-length': '7810',
375 silly get     'accept-ranges': 'bytes',
375 silly get     date: 'Mon, 03 Apr 2017 18:26:27 GMT',
375 silly get     via: '1.1 varnish',
375 silly get     age: '140',
375 silly get     connection: 'keep-alive',
375 silly get     'x-served-by': 'cache-gru7123-GRU',
375 silly get     'x-cache': 'HIT',
375 silly get     'x-cache-hits': '1156',
375 silly get     'x-timer': 'S1491243987.840764,VS0,VE0',
375 silly get     vary: 'Accept-Encoding' } ]
376 verbose get saving minimatch to /home/aagunzi/.npm/registry.npmjs.org/minimatch/.cache.json
377 verbose correctMkdir /home/aagunzi/.npm correctMkdir not in flight; initializing
378 silly resolveWithNewModule inflight@1.0.6 checking installable status
379 silly cache add args [ 'inflight@^1.0.4', null ]
380 verbose cache add spec inflight@^1.0.4
381 silly cache add parsed spec Result {
381 silly cache add   raw: 'inflight@^1.0.4',
381 silly cache add   scope: null,
381 silly cache add   escapedName: 'inflight',
381 silly cache add   name: 'inflight',
381 silly cache add   rawSpec: '^1.0.4',
381 silly cache add   spec: '>=1.0.4 <2.0.0',
381 silly cache add   type: 'range' }
382 silly addNamed inflight@>=1.0.4 <2.0.0
383 verbose addNamed ">=1.0.4 <2.0.0" is a valid semver range for inflight
384 silly addNameRange { name: 'inflight', range: '>=1.0.4 <2.0.0', hasData: false }
385 silly mapToRegistry name inflight
386 silly mapToRegistry using default registry
387 silly mapToRegistry registry https://registry.npmjs.org/
388 silly mapToRegistry data Result {
388 silly mapToRegistry   raw: 'inflight',
388 silly mapToRegistry   scope: null,
388 silly mapToRegistry   escapedName: 'inflight',
388 silly mapToRegistry   name: 'inflight',
388 silly mapToRegistry   rawSpec: '',
388 silly mapToRegistry   spec: 'latest',
388 silly mapToRegistry   type: 'tag' }
389 silly mapToRegistry uri https://registry.npmjs.org/inflight
390 verbose addNameRange registry:https://registry.npmjs.org/inflight not in flight; fetching
391 silly resolveWithNewModule once@1.4.0 checking installable status
392 silly cache add args [ 'once@^1.3.0', null ]
393 verbose cache add spec once@^1.3.0
394 silly cache add parsed spec Result {
394 silly cache add   raw: 'once@^1.3.0',
394 silly cache add   scope: null,
394 silly cache add   escapedName: 'once',
394 silly cache add   name: 'once',
394 silly cache add   rawSpec: '^1.3.0',
394 silly cache add   spec: '>=1.3.0 <2.0.0',
394 silly cache add   type: 'range' }
395 silly addNamed once@>=1.3.0 <2.0.0
396 verbose addNamed ">=1.3.0 <2.0.0" is a valid semver range for once
397 silly addNameRange { name: 'once', range: '>=1.3.0 <2.0.0', hasData: false }
398 silly mapToRegistry name once
399 silly mapToRegistry using default registry
400 silly mapToRegistry registry https://registry.npmjs.org/
401 silly mapToRegistry data Result {
401 silly mapToRegistry   raw: 'once',
401 silly mapToRegistry   scope: null,
401 silly mapToRegistry   escapedName: 'once',
401 silly mapToRegistry   name: 'once',
401 silly mapToRegistry   rawSpec: '',
401 silly mapToRegistry   spec: 'latest',
401 silly mapToRegistry   type: 'tag' }
402 silly mapToRegistry uri https://registry.npmjs.org/once
403 verbose addNameRange registry:https://registry.npmjs.org/once not in flight; fetching
404 silly resolveWithNewModule inherits@2.0.3 checking installable status
405 silly cache add args [ 'inherits@2', null ]
406 verbose cache add spec inherits@2
407 silly cache add parsed spec Result {
407 silly cache add   raw: 'inherits@2',
407 silly cache add   scope: null,
407 silly cache add   escapedName: 'inherits',
407 silly cache add   name: 'inherits',
407 silly cache add   rawSpec: '2',
407 silly cache add   spec: '>=2.0.0 <3.0.0',
407 silly cache add   type: 'range' }
408 silly addNamed inherits@>=2.0.0 <3.0.0
409 verbose addNamed ">=2.0.0 <3.0.0" is a valid semver range for inherits
410 silly addNameRange { name: 'inherits', range: '>=2.0.0 <3.0.0', hasData: false }
411 silly mapToRegistry name inherits
412 silly mapToRegistry using default registry
413 silly mapToRegistry registry https://registry.npmjs.org/
414 silly mapToRegistry data Result {
414 silly mapToRegistry   raw: 'inherits',
414 silly mapToRegistry   scope: null,
414 silly mapToRegistry   escapedName: 'inherits',
414 silly mapToRegistry   name: 'inherits',
414 silly mapToRegistry   rawSpec: '',
414 silly mapToRegistry   spec: 'latest',
414 silly mapToRegistry   type: 'tag' }
415 silly mapToRegistry uri https://registry.npmjs.org/inherits
416 verbose addNameRange registry:https://registry.npmjs.org/inherits not in flight; fetching
417 verbose get https://registry.npmjs.org/inflight not expired, no request
418 silly addNameRange number 2 { name: 'inflight', range: '>=1.0.4 <2.0.0', hasData: true }
419 silly addNameRange versions [ 'inflight',
419 silly addNameRange   [ '1.0.0', '1.0.1', '1.0.2', '1.0.3', '1.0.4', '1.0.5', '1.0.6' ] ]
420 silly addNamed inflight@1.0.6
421 verbose addNamed "1.0.6" is a plain semver version for inflight
422 verbose get https://registry.npmjs.org/once not expired, no request
423 silly addNameRange number 2 { name: 'once', range: '>=1.3.0 <2.0.0', hasData: true }
424 silly addNameRange versions [ 'once',
424 silly addNameRange   [ '1.1.1', '1.2.0', '1.3.0', '1.3.1', '1.3.2', '1.3.3', '1.4.0' ] ]
425 silly addNamed once@1.4.0
426 verbose addNamed "1.4.0" is a plain semver version for once
427 verbose get https://registry.npmjs.org/inherits not expired, no request
428 silly addNameRange number 2 { name: 'inherits', range: '>=2.0.0 <3.0.0', hasData: true }
429 silly addNameRange versions [ 'inherits',
429 silly addNameRange   [ '1.0.0', '2.0.0', '2.0.1', '1.0.1', '1.0.2', '2.0.3' ] ]
430 silly addNamed inherits@2.0.3
431 verbose addNamed "2.0.3" is a plain semver version for inherits
432 silly resolveWithNewModule minimatch@3.0.3 checking installable status
433 silly cache add args [ 'minimatch@2 || 3', null ]
434 verbose cache add spec minimatch@2 || 3
435 silly cache add parsed spec Result {
435 silly cache add   raw: 'minimatch@2 || 3',
435 silly cache add   scope: null,
435 silly cache add   escapedName: 'minimatch',
435 silly cache add   name: 'minimatch',
435 silly cache add   rawSpec: '2 || 3',
435 silly cache add   spec: '>=2.0.0 <3.0.0||>=3.0.0 <4.0.0',
435 silly cache add   type: 'range' }
436 silly addNamed minimatch@>=2.0.0 <3.0.0||>=3.0.0 <4.0.0
437 verbose addNamed ">=2.0.0 <3.0.0||>=3.0.0 <4.0.0" is a valid semver range for minimatch
438 silly addNameRange { name: 'minimatch',
438 silly addNameRange   range: '>=2.0.0 <3.0.0||>=3.0.0 <4.0.0',
438 silly addNameRange   hasData: false }
439 silly mapToRegistry name minimatch
440 silly mapToRegistry using default registry
441 silly mapToRegistry registry https://registry.npmjs.org/
442 silly mapToRegistry data Result {
442 silly mapToRegistry   raw: 'minimatch',
442 silly mapToRegistry   scope: null,
442 silly mapToRegistry   escapedName: 'minimatch',
442 silly mapToRegistry   name: 'minimatch',
442 silly mapToRegistry   rawSpec: '',
442 silly mapToRegistry   spec: 'latest',
442 silly mapToRegistry   type: 'tag' }
443 silly mapToRegistry uri https://registry.npmjs.org/minimatch
444 verbose addNameRange registry:https://registry.npmjs.org/minimatch not in flight; fetching
445 verbose get https://registry.npmjs.org/minimatch not expired, no request
446 silly addNameRange number 2 { name: 'minimatch',
446 silly addNameRange   range: '>=2.0.0 <3.0.0||>=3.0.0 <4.0.0',
446 silly addNameRange   hasData: true }
447 silly addNameRange versions [ 'minimatch',
447 silly addNameRange   [ '0.0.1',
447 silly addNameRange     '0.0.2',
447 silly addNameRange     '0.0.4',
447 silly addNameRange     '0.0.5',
447 silly addNameRange     '0.1.1',
447 silly addNameRange     '0.1.2',
447 silly addNameRange     '0.1.3',
447 silly addNameRange     '0.1.4',
447 silly addNameRange     '0.1.5',
447 silly addNameRange     '0.2.0',
447 silly addNameRange     '0.2.2',
447 silly addNameRange     '0.2.3',
447 silly addNameRange     '0.2.4',
447 silly addNameRange     '0.2.5',
447 silly addNameRange     '0.2.6',
447 silly addNameRange     '0.2.7',
447 silly addNameRange     '0.2.8',
447 silly addNameRange     '0.2.9',
447 silly addNameRange     '0.2.10',
447 silly addNameRange     '0.2.11',
447 silly addNameRange     '0.2.12',
447 silly addNameRange     '0.2.13',
447 silly addNameRange     '0.2.14',
447 silly addNameRange     '0.3.0',
447 silly addNameRange     '0.4.0',
447 silly addNameRange     '1.0.0',
447 silly addNameRange     '2.0.0',
447 silly addNameRange     '2.0.1',
447 silly addNameRange     '2.0.2',
447 silly addNameRange     '2.0.3',
447 silly addNameRange     '2.0.4',
447 silly addNameRange     '2.0.5',
447 silly addNameRange     '2.0.6',
447 silly addNameRange     '2.0.7',
447 silly addNameRange     '2.0.8',
447 silly addNameRange     '2.0.9',
447 silly addNameRange     '2.0.10',
447 silly addNameRange     '3.0.0',
447 silly addNameRange     '3.0.2',
447 silly addNameRange     '3.0.3' ] ]
448 silly addNamed minimatch@3.0.3
449 verbose addNamed "3.0.3" is a plain semver version for minimatch
450 silly cache afterAdd inherits@2.0.3
451 verbose afterAdd /home/aagunzi/.npm/inherits/2.0.3/package/package.json not in flight; writing
452 verbose correctMkdir /home/aagunzi/.npm correctMkdir not in flight; initializing
453 silly cache afterAdd inflight@1.0.6
454 verbose afterAdd /home/aagunzi/.npm/inflight/1.0.6/package/package.json not in flight; writing
455 verbose correctMkdir /home/aagunzi/.npm correctMkdir not in flight; initializing
456 silly cache afterAdd once@1.4.0
457 verbose afterAdd /home/aagunzi/.npm/once/1.4.0/package/package.json not in flight; writing
458 verbose correctMkdir /home/aagunzi/.npm correctMkdir not in flight; initializing
459 silly cache afterAdd minimatch@3.0.3
460 verbose afterAdd /home/aagunzi/.npm/minimatch/3.0.3/package/package.json not in flight; writing
461 verbose correctMkdir /home/aagunzi/.npm correctMkdir not in flight; initializing
462 verbose afterAdd /home/aagunzi/.npm/inherits/2.0.3/package/package.json written
463 verbose afterAdd /home/aagunzi/.npm/inflight/1.0.6/package/package.json written
464 verbose afterAdd /home/aagunzi/.npm/once/1.4.0/package/package.json written
465 verbose afterAdd /home/aagunzi/.npm/minimatch/3.0.3/package/package.json written
466 http 200 https://registry.npmjs.org/path-is-absolute
467 verbose headers { server: 'nginx/1.10.1',
467 verbose headers   'content-type': 'application/json',
467 verbose headers   'last-modified': 'Thu, 30 Mar 2017 17:52:06 GMT',
467 verbose headers   etag: 'W/"58dd45c6-1325"',
467 verbose headers   'content-encoding': 'gzip',
467 verbose headers   'cache-control': 'max-age=300',
467 verbose headers   'content-length': '1387',
467 verbose headers   'accept-ranges': 'bytes',
467 verbose headers   date: 'Mon, 03 Apr 2017 18:26:27 GMT',
467 verbose headers   via: '1.1 varnish',
467 verbose headers   age: '166',
467 verbose headers   connection: 'keep-alive',
467 verbose headers   'x-served-by': 'cache-gru7124-GRU',
467 verbose headers   'x-cache': 'HIT',
467 verbose headers   'x-cache-hits': '9',
467 verbose headers   'x-timer': 'S1491243987.979189,VS0,VE0',
467 verbose headers   vary: 'Accept-Encoding' }
468 silly get cb [ 200,
468 silly get   { server: 'nginx/1.10.1',
468 silly get     'content-type': 'application/json',
468 silly get     'last-modified': 'Thu, 30 Mar 2017 17:52:06 GMT',
468 silly get     etag: 'W/"58dd45c6-1325"',
468 silly get     'content-encoding': 'gzip',
468 silly get     'cache-control': 'max-age=300',
468 silly get     'content-length': '1387',
468 silly get     'accept-ranges': 'bytes',
468 silly get     date: 'Mon, 03 Apr 2017 18:26:27 GMT',
468 silly get     via: '1.1 varnish',
468 silly get     age: '166',
468 silly get     connection: 'keep-alive',
468 silly get     'x-served-by': 'cache-gru7124-GRU',
468 silly get     'x-cache': 'HIT',
468 silly get     'x-cache-hits': '9',
468 silly get     'x-timer': 'S1491243987.979189,VS0,VE0',
468 silly get     vary: 'Accept-Encoding' } ]
469 verbose get saving path-is-absolute to /home/aagunzi/.npm/registry.npmjs.org/path-is-absolute/.cache.json
470 verbose correctMkdir /home/aagunzi/.npm correctMkdir not in flight; initializing
471 silly resolveWithNewModule path-is-absolute@1.0.1 checking installable status
472 silly cache add args [ 'path-is-absolute@^1.0.0', null ]
473 verbose cache add spec path-is-absolute@^1.0.0
474 silly cache add parsed spec Result {
474 silly cache add   raw: 'path-is-absolute@^1.0.0',
474 silly cache add   scope: null,
474 silly cache add   escapedName: 'path-is-absolute',
474 silly cache add   name: 'path-is-absolute',
474 silly cache add   rawSpec: '^1.0.0',
474 silly cache add   spec: '>=1.0.0 <2.0.0',
474 silly cache add   type: 'range' }
475 silly addNamed path-is-absolute@>=1.0.0 <2.0.0
476 verbose addNamed ">=1.0.0 <2.0.0" is a valid semver range for path-is-absolute
477 silly addNameRange { name: 'path-is-absolute',
477 silly addNameRange   range: '>=1.0.0 <2.0.0',
477 silly addNameRange   hasData: false }
478 silly mapToRegistry name path-is-absolute
479 silly mapToRegistry using default registry
480 silly mapToRegistry registry https://registry.npmjs.org/
481 silly mapToRegistry data Result {
481 silly mapToRegistry   raw: 'path-is-absolute',
481 silly mapToRegistry   scope: null,
481 silly mapToRegistry   escapedName: 'path-is-absolute',
481 silly mapToRegistry   name: 'path-is-absolute',
481 silly mapToRegistry   rawSpec: '',
481 silly mapToRegistry   spec: 'latest',
481 silly mapToRegistry   type: 'tag' }
482 silly mapToRegistry uri https://registry.npmjs.org/path-is-absolute
483 verbose addNameRange registry:https://registry.npmjs.org/path-is-absolute not in flight; fetching
484 verbose get https://registry.npmjs.org/path-is-absolute not expired, no request
485 silly addNameRange number 2 { name: 'path-is-absolute',
485 silly addNameRange   range: '>=1.0.0 <2.0.0',
485 silly addNameRange   hasData: true }
486 silly addNameRange versions [ 'path-is-absolute', [ '1.0.0', '1.0.1' ] ]
487 silly addNamed path-is-absolute@1.0.1
488 verbose addNamed "1.0.1" is a plain semver version for path-is-absolute
489 silly cache afterAdd path-is-absolute@1.0.1
490 verbose afterAdd /home/aagunzi/.npm/path-is-absolute/1.0.1/package/package.json not in flight; writing
491 verbose correctMkdir /home/aagunzi/.npm correctMkdir not in flight; initializing
492 verbose afterAdd /home/aagunzi/.npm/path-is-absolute/1.0.1/package/package.json written
493 silly fetchNamedPackageData wrappy
494 silly mapToRegistry name wrappy
495 silly mapToRegistry using default registry
496 silly mapToRegistry registry https://registry.npmjs.org/
497 silly mapToRegistry data Result {
497 silly mapToRegistry   raw: 'wrappy',
497 silly mapToRegistry   scope: null,
497 silly mapToRegistry   escapedName: 'wrappy',
497 silly mapToRegistry   name: 'wrappy',
497 silly mapToRegistry   rawSpec: '',
497 silly mapToRegistry   spec: 'latest',
497 silly mapToRegistry   type: 'tag' }
498 silly mapToRegistry uri https://registry.npmjs.org/wrappy
499 verbose request uri https://registry.npmjs.org/wrappy
500 verbose request no auth needed
501 info attempt registry request try #1 at 15:26:28
502 verbose etag W/"5818e387-11a5"
503 verbose lastModified Tue, 01 Nov 2016 18:48:39 GMT
504 http request GET https://registry.npmjs.org/wrappy
505 http 304 https://registry.npmjs.org/wrappy
506 verbose headers { date: 'Mon, 03 Apr 2017 18:26:28 GMT',
506 verbose headers   via: '1.1 varnish',
506 verbose headers   'cache-control': 'max-age=300',
506 verbose headers   etag: 'W/"5818e387-11a5"',
506 verbose headers   age: '203',
506 verbose headers   connection: 'keep-alive',
506 verbose headers   'x-served-by': 'cache-gru7123-GRU',
506 verbose headers   'x-cache': 'HIT',
506 verbose headers   'x-cache-hits': '10',
506 verbose headers   'x-timer': 'S1491243988.090525,VS0,VE0',
506 verbose headers   vary: 'Accept-Encoding' }
507 silly get cb [ 304,
507 silly get   { date: 'Mon, 03 Apr 2017 18:26:28 GMT',
507 silly get     via: '1.1 varnish',
507 silly get     'cache-control': 'max-age=300',
507 silly get     etag: 'W/"5818e387-11a5"',
507 silly get     age: '203',
507 silly get     connection: 'keep-alive',
507 silly get     'x-served-by': 'cache-gru7123-GRU',
507 silly get     'x-cache': 'HIT',
507 silly get     'x-cache-hits': '10',
507 silly get     'x-timer': 'S1491243988.090525,VS0,VE0',
507 silly get     vary: 'Accept-Encoding' } ]
508 verbose etag https://registry.npmjs.org/wrappy from cache
509 verbose get saving wrappy to /home/aagunzi/.npm/registry.npmjs.org/wrappy/.cache.json
510 verbose correctMkdir /home/aagunzi/.npm correctMkdir not in flight; initializing
511 silly resolveWithNewModule wrappy@1.0.2 checking installable status
512 silly cache add args [ 'wrappy@1', null ]
513 verbose cache add spec wrappy@1
514 silly cache add parsed spec Result {
514 silly cache add   raw: 'wrappy@1',
514 silly cache add   scope: null,
514 silly cache add   escapedName: 'wrappy',
514 silly cache add   name: 'wrappy',
514 silly cache add   rawSpec: '1',
514 silly cache add   spec: '>=1.0.0 <2.0.0',
514 silly cache add   type: 'range' }
515 silly addNamed wrappy@>=1.0.0 <2.0.0
516 verbose addNamed ">=1.0.0 <2.0.0" is a valid semver range for wrappy
517 silly addNameRange { name: 'wrappy', range: '>=1.0.0 <2.0.0', hasData: false }
518 silly mapToRegistry name wrappy
519 silly mapToRegistry using default registry
520 silly mapToRegistry registry https://registry.npmjs.org/
521 silly mapToRegistry data Result {
521 silly mapToRegistry   raw: 'wrappy',
521 silly mapToRegistry   scope: null,
521 silly mapToRegistry   escapedName: 'wrappy',
521 silly mapToRegistry   name: 'wrappy',
521 silly mapToRegistry   rawSpec: '',
521 silly mapToRegistry   spec: 'latest',
521 silly mapToRegistry   type: 'tag' }
522 silly mapToRegistry uri https://registry.npmjs.org/wrappy
523 verbose addNameRange registry:https://registry.npmjs.org/wrappy not in flight; fetching
524 verbose get https://registry.npmjs.org/wrappy not expired, no request
525 silly addNameRange number 2 { name: 'wrappy', range: '>=1.0.0 <2.0.0', hasData: true }
526 silly addNameRange versions [ 'wrappy', [ '1.0.0', '1.0.1', '1.0.2' ] ]
527 silly addNamed wrappy@1.0.2
528 verbose addNamed "1.0.2" is a plain semver version for wrappy
529 silly cache afterAdd wrappy@1.0.2
530 verbose afterAdd /home/aagunzi/.npm/wrappy/1.0.2/package/package.json not in flight; writing
531 verbose correctMkdir /home/aagunzi/.npm correctMkdir not in flight; initializing
532 verbose afterAdd /home/aagunzi/.npm/wrappy/1.0.2/package/package.json written
533 silly fetchNamedPackageData brace-expansion
534 silly mapToRegistry name brace-expansion
535 silly mapToRegistry using default registry
536 silly mapToRegistry registry https://registry.npmjs.org/
537 silly mapToRegistry data Result {
537 silly mapToRegistry   raw: 'brace-expansion',
537 silly mapToRegistry   scope: null,
537 silly mapToRegistry   escapedName: 'brace-expansion',
537 silly mapToRegistry   name: 'brace-expansion',
537 silly mapToRegistry   rawSpec: '',
537 silly mapToRegistry   spec: 'latest',
537 silly mapToRegistry   type: 'tag' }
538 silly mapToRegistry uri https://registry.npmjs.org/brace-expansion
539 verbose request uri https://registry.npmjs.org/brace-expansion
540 verbose request no auth needed
541 info attempt registry request try #1 at 15:26:28
542 verbose etag W/"57f1e446-4bb6"
543 verbose lastModified Mon, 03 Oct 2016 04:53:26 GMT
544 http request GET https://registry.npmjs.org/brace-expansion
545 http 200 https://registry.npmjs.org/brace-expansion
546 verbose headers { server: 'nginx/1.10.1',
546 verbose headers   'content-type': 'application/json',
546 verbose headers   'last-modified': 'Mon, 27 Feb 2017 01:33:37 GMT',
546 verbose headers   etag: 'W/"58b381f1-4bde"',
546 verbose headers   'content-encoding': 'gzip',
546 verbose headers   'cache-control': 'max-age=300',
546 verbose headers   'content-length': '3734',
546 verbose headers   'accept-ranges': 'bytes',
546 verbose headers   date: 'Mon, 03 Apr 2017 18:26:28 GMT',
546 verbose headers   via: '1.1 varnish',
546 verbose headers   age: '33',
546 verbose headers   connection: 'keep-alive',
546 verbose headers   'x-served-by': 'cache-gru7122-GRU',
546 verbose headers   'x-cache': 'HIT',
546 verbose headers   'x-cache-hits': '231',
546 verbose headers   'x-timer': 'S1491243988.206890,VS0,VE0',
546 verbose headers   vary: 'Accept-Encoding' }
547 silly get cb [ 200,
547 silly get   { server: 'nginx/1.10.1',
547 silly get     'content-type': 'application/json',
547 silly get     'last-modified': 'Mon, 27 Feb 2017 01:33:37 GMT',
547 silly get     etag: 'W/"58b381f1-4bde"',
547 silly get     'content-encoding': 'gzip',
547 silly get     'cache-control': 'max-age=300',
547 silly get     'content-length': '3734',
547 silly get     'accept-ranges': 'bytes',
547 silly get     date: 'Mon, 03 Apr 2017 18:26:28 GMT',
547 silly get     via: '1.1 varnish',
547 silly get     age: '33',
547 silly get     connection: 'keep-alive',
547 silly get     'x-served-by': 'cache-gru7122-GRU',
547 silly get     'x-cache': 'HIT',
547 silly get     'x-cache-hits': '231',
547 silly get     'x-timer': 'S1491243988.206890,VS0,VE0',
547 silly get     vary: 'Accept-Encoding' } ]
548 verbose get saving brace-expansion to /home/aagunzi/.npm/registry.npmjs.org/brace-expansion/.cache.json
549 verbose correctMkdir /home/aagunzi/.npm correctMkdir not in flight; initializing
550 silly resolveWithNewModule brace-expansion@1.1.6 checking installable status
551 silly cache add args [ 'brace-expansion@^1.0.0', null ]
552 verbose cache add spec brace-expansion@^1.0.0
553 silly cache add parsed spec Result {
553 silly cache add   raw: 'brace-expansion@^1.0.0',
553 silly cache add   scope: null,
553 silly cache add   escapedName: 'brace-expansion',
553 silly cache add   name: 'brace-expansion',
553 silly cache add   rawSpec: '^1.0.0',
553 silly cache add   spec: '>=1.0.0 <2.0.0',
553 silly cache add   type: 'range' }
554 silly addNamed brace-expansion@>=1.0.0 <2.0.0
555 verbose addNamed ">=1.0.0 <2.0.0" is a valid semver range for brace-expansion
556 silly addNameRange { name: 'brace-expansion',
556 silly addNameRange   range: '>=1.0.0 <2.0.0',
556 silly addNameRange   hasData: false }
557 silly mapToRegistry name brace-expansion
558 silly mapToRegistry using default registry
559 silly mapToRegistry registry https://registry.npmjs.org/
560 silly mapToRegistry data Result {
560 silly mapToRegistry   raw: 'brace-expansion',
560 silly mapToRegistry   scope: null,
560 silly mapToRegistry   escapedName: 'brace-expansion',
560 silly mapToRegistry   name: 'brace-expansion',
560 silly mapToRegistry   rawSpec: '',
560 silly mapToRegistry   spec: 'latest',
560 silly mapToRegistry   type: 'tag' }
561 silly mapToRegistry uri https://registry.npmjs.org/brace-expansion
562 verbose addNameRange registry:https://registry.npmjs.org/brace-expansion not in flight; fetching
563 verbose get https://registry.npmjs.org/brace-expansion not expired, no request
564 silly addNameRange number 2 { name: 'brace-expansion',
564 silly addNameRange   range: '>=1.0.0 <2.0.0',
564 silly addNameRange   hasData: true }
565 silly addNameRange versions [ 'brace-expansion',
565 silly addNameRange   [ '0.0.0',
565 silly addNameRange     '1.0.0',
565 silly addNameRange     '1.0.1',
565 silly addNameRange     '1.1.0',
565 silly addNameRange     '1.1.1',
565 silly addNameRange     '1.1.2',
565 silly addNameRange     '1.1.3',
565 silly addNameRange     '1.1.4',
565 silly addNameRange     '1.1.5',
565 silly addNameRange     '1.1.6' ] ]
566 silly addNamed brace-expansion@1.1.6
567 verbose addNamed "1.1.6" is a plain semver version for brace-expansion
568 silly cache afterAdd brace-expansion@1.1.6
569 verbose afterAdd /home/aagunzi/.npm/brace-expansion/1.1.6/package/package.json not in flight; writing
570 verbose correctMkdir /home/aagunzi/.npm correctMkdir not in flight; initializing
571 verbose afterAdd /home/aagunzi/.npm/brace-expansion/1.1.6/package/package.json written
572 silly fetchNamedPackageData balanced-match
573 silly mapToRegistry name balanced-match
574 silly mapToRegistry using default registry
575 silly mapToRegistry registry https://registry.npmjs.org/
576 silly mapToRegistry data Result {
576 silly mapToRegistry   raw: 'balanced-match',
576 silly mapToRegistry   scope: null,
576 silly mapToRegistry   escapedName: 'balanced-match',
576 silly mapToRegistry   name: 'balanced-match',
576 silly mapToRegistry   rawSpec: '',
576 silly mapToRegistry   spec: 'latest',
576 silly mapToRegistry   type: 'tag' }
577 silly mapToRegistry uri https://registry.npmjs.org/balanced-match
578 silly fetchNamedPackageData concat-map
579 silly mapToRegistry name concat-map
580 silly mapToRegistry using default registry
581 silly mapToRegistry registry https://registry.npmjs.org/
582 silly mapToRegistry data Result {
582 silly mapToRegistry   raw: 'concat-map',
582 silly mapToRegistry   scope: null,
582 silly mapToRegistry   escapedName: 'concat-map',
582 silly mapToRegistry   name: 'concat-map',
582 silly mapToRegistry   rawSpec: '',
582 silly mapToRegistry   spec: 'latest',
582 silly mapToRegistry   type: 'tag' }
583 silly mapToRegistry uri https://registry.npmjs.org/concat-map
584 verbose request uri https://registry.npmjs.org/balanced-match
585 verbose request no auth needed
586 info attempt registry request try #1 at 15:26:28
587 verbose etag W/"58717f67-4136"
588 verbose lastModified Sat, 07 Jan 2017 23:53:11 GMT
589 http request GET https://registry.npmjs.org/balanced-match
590 verbose request uri https://registry.npmjs.org/concat-map
591 verbose request no auth needed
592 info attempt registry request try #1 at 15:26:28
593 verbose etag W/"52e9c1bb-f3a"
594 verbose lastModified Thu, 30 Jan 2014 03:06:35 GMT
595 http request GET https://registry.npmjs.org/concat-map
596 http 304 https://registry.npmjs.org/balanced-match
597 verbose headers { date: 'Mon, 03 Apr 2017 18:26:28 GMT',
597 verbose headers   via: '1.1 varnish',
597 verbose headers   'cache-control': 'max-age=300',
597 verbose headers   etag: 'W/"58717f67-4136"',
597 verbose headers   age: '33',
597 verbose headers   connection: 'keep-alive',
597 verbose headers   'x-served-by': 'cache-gru7123-GRU',
597 verbose headers   'x-cache': 'HIT',
597 verbose headers   'x-cache-hits': '7',
597 verbose headers   'x-timer': 'S1491243988.318255,VS0,VE0',
597 verbose headers   vary: 'Accept-Encoding' }
598 silly get cb [ 304,
598 silly get   { date: 'Mon, 03 Apr 2017 18:26:28 GMT',
598 silly get     via: '1.1 varnish',
598 silly get     'cache-control': 'max-age=300',
598 silly get     etag: 'W/"58717f67-4136"',
598 silly get     age: '33',
598 silly get     connection: 'keep-alive',
598 silly get     'x-served-by': 'cache-gru7123-GRU',
598 silly get     'x-cache': 'HIT',
598 silly get     'x-cache-hits': '7',
598 silly get     'x-timer': 'S1491243988.318255,VS0,VE0',
598 silly get     vary: 'Accept-Encoding' } ]
599 verbose etag https://registry.npmjs.org/balanced-match from cache
600 verbose get saving balanced-match to /home/aagunzi/.npm/registry.npmjs.org/balanced-match/.cache.json
601 verbose correctMkdir /home/aagunzi/.npm correctMkdir not in flight; initializing
602 http 304 https://registry.npmjs.org/concat-map
603 verbose headers { date: 'Mon, 03 Apr 2017 18:26:28 GMT',
603 verbose headers   via: '1.1 varnish',
603 verbose headers   'cache-control': 'max-age=300',
603 verbose headers   etag: 'W/"52e9c1bb-f3a"',
603 verbose headers   age: '59',
603 verbose headers   connection: 'keep-alive',
603 verbose headers   'x-served-by': 'cache-gru7121-GRU',
603 verbose headers   'x-cache': 'HIT',
603 verbose headers   'x-cache-hits': '6',
603 verbose headers   'x-timer': 'S1491243988.318655,VS0,VE0',
603 verbose headers   vary: 'Accept-Encoding' }
604 silly get cb [ 304,
604 silly get   { date: 'Mon, 03 Apr 2017 18:26:28 GMT',
604 silly get     via: '1.1 varnish',
604 silly get     'cache-control': 'max-age=300',
604 silly get     etag: 'W/"52e9c1bb-f3a"',
604 silly get     age: '59',
604 silly get     connection: 'keep-alive',
604 silly get     'x-served-by': 'cache-gru7121-GRU',
604 silly get     'x-cache': 'HIT',
604 silly get     'x-cache-hits': '6',
604 silly get     'x-timer': 'S1491243988.318655,VS0,VE0',
604 silly get     vary: 'Accept-Encoding' } ]
605 verbose etag https://registry.npmjs.org/concat-map from cache
606 verbose get saving concat-map to /home/aagunzi/.npm/registry.npmjs.org/concat-map/.cache.json
607 verbose correctMkdir /home/aagunzi/.npm correctMkdir not in flight; initializing
608 silly resolveWithNewModule balanced-match@0.4.2 checking installable status
609 silly cache add args [ 'balanced-match@^0.4.1', null ]
610 verbose cache add spec balanced-match@^0.4.1
611 silly cache add parsed spec Result {
611 silly cache add   raw: 'balanced-match@^0.4.1',
611 silly cache add   scope: null,
611 silly cache add   escapedName: 'balanced-match',
611 silly cache add   name: 'balanced-match',
611 silly cache add   rawSpec: '^0.4.1',
611 silly cache add   spec: '>=0.4.1 <0.5.0',
611 silly cache add   type: 'range' }
612 silly addNamed balanced-match@>=0.4.1 <0.5.0
613 verbose addNamed ">=0.4.1 <0.5.0" is a valid semver range for balanced-match
614 silly addNameRange { name: 'balanced-match',
614 silly addNameRange   range: '>=0.4.1 <0.5.0',
614 silly addNameRange   hasData: false }
615 silly mapToRegistry name balanced-match
616 silly mapToRegistry using default registry
617 silly mapToRegistry registry https://registry.npmjs.org/
618 silly mapToRegistry data Result {
618 silly mapToRegistry   raw: 'balanced-match',
618 silly mapToRegistry   scope: null,
618 silly mapToRegistry   escapedName: 'balanced-match',
618 silly mapToRegistry   name: 'balanced-match',
618 silly mapToRegistry   rawSpec: '',
618 silly mapToRegistry   spec: 'latest',
618 silly mapToRegistry   type: 'tag' }
619 silly mapToRegistry uri https://registry.npmjs.org/balanced-match
620 verbose addNameRange registry:https://registry.npmjs.org/balanced-match not in flight; fetching
621 silly resolveWithNewModule concat-map@0.0.1 checking installable status
622 silly cache add args [ 'concat-map@0.0.1', null ]
623 verbose cache add spec concat-map@0.0.1
624 silly cache add parsed spec Result {
624 silly cache add   raw: 'concat-map@0.0.1',
624 silly cache add   scope: null,
624 silly cache add   escapedName: 'concat-map',
624 silly cache add   name: 'concat-map',
624 silly cache add   rawSpec: '0.0.1',
624 silly cache add   spec: '0.0.1',
624 silly cache add   type: 'version' }
625 silly addNamed concat-map@0.0.1
626 verbose addNamed "0.0.1" is a plain semver version for concat-map
627 silly mapToRegistry name concat-map
628 silly mapToRegistry using default registry
629 silly mapToRegistry registry https://registry.npmjs.org/
630 silly mapToRegistry data Result {
630 silly mapToRegistry   raw: 'concat-map',
630 silly mapToRegistry   scope: null,
630 silly mapToRegistry   escapedName: 'concat-map',
630 silly mapToRegistry   name: 'concat-map',
630 silly mapToRegistry   rawSpec: '',
630 silly mapToRegistry   spec: 'latest',
630 silly mapToRegistry   type: 'tag' }
631 silly mapToRegistry uri https://registry.npmjs.org/concat-map
632 verbose addNameVersion registry:https://registry.npmjs.org/concat-map not in flight; fetching
633 verbose get https://registry.npmjs.org/balanced-match not expired, no request
634 silly addNameRange number 2 { name: 'balanced-match',
634 silly addNameRange   range: '>=0.4.1 <0.5.0',
634 silly addNameRange   hasData: true }
635 silly addNameRange versions [ 'balanced-match',
635 silly addNameRange   [ '0.0.0',
635 silly addNameRange     '0.0.1',
635 silly addNameRange     '0.1.0',
635 silly addNameRange     '0.2.0',
635 silly addNameRange     '0.2.1',
635 silly addNameRange     '0.3.0',
635 silly addNameRange     '0.4.0',
635 silly addNameRange     '0.4.1',
635 silly addNameRange     '0.4.2' ] ]
636 silly addNamed balanced-match@0.4.2
637 verbose addNamed "0.4.2" is a plain semver version for balanced-match
638 verbose get https://registry.npmjs.org/concat-map not expired, no request
639 silly cache afterAdd balanced-match@0.4.2
640 verbose afterAdd /home/aagunzi/.npm/balanced-match/0.4.2/package/package.json not in flight; writing
641 verbose correctMkdir /home/aagunzi/.npm correctMkdir not in flight; initializing
642 silly cache afterAdd concat-map@0.0.1
643 verbose afterAdd /home/aagunzi/.npm/concat-map/0.0.1/package/package.json not in flight; writing
644 verbose correctMkdir /home/aagunzi/.npm correctMkdir not in flight; initializing
645 verbose afterAdd /home/aagunzi/.npm/balanced-match/0.4.2/package/package.json written
646 verbose afterAdd /home/aagunzi/.npm/concat-map/0.0.1/package/package.json written
647 silly fetchNamedPackageData abbrev
648 silly mapToRegistry name abbrev
649 silly mapToRegistry using default registry
650 silly mapToRegistry registry https://registry.npmjs.org/
651 silly mapToRegistry data Result {
651 silly mapToRegistry   raw: 'abbrev',
651 silly mapToRegistry   scope: null,
651 silly mapToRegistry   escapedName: 'abbrev',
651 silly mapToRegistry   name: 'abbrev',
651 silly mapToRegistry   rawSpec: '',
651 silly mapToRegistry   spec: 'latest',
651 silly mapToRegistry   type: 'tag' }
652 silly mapToRegistry uri https://registry.npmjs.org/abbrev
653 verbose request uri https://registry.npmjs.org/abbrev
654 verbose request no auth needed
655 info attempt registry request try #1 at 15:26:28
656 verbose etag W/"580d2ad6-19a5"
657 verbose lastModified Sun, 23 Oct 2016 21:25:42 GMT
658 http request GET https://registry.npmjs.org/abbrev
659 http 200 https://registry.npmjs.org/abbrev
660 verbose headers { server: 'nginx/1.10.1',
660 verbose headers   'content-type': 'application/json',
660 verbose headers   'last-modified': 'Tue, 28 Mar 2017 23:22:47 GMT',
660 verbose headers   etag: 'W/"58daf047-1e6e"',
660 verbose headers   'content-encoding': 'gzip',
660 verbose headers   'cache-control': 'max-age=300',
660 verbose headers   'content-length': '1859',
660 verbose headers   'accept-ranges': 'bytes',
660 verbose headers   date: 'Mon, 03 Apr 2017 18:26:28 GMT',
660 verbose headers   via: '1.1 varnish',
660 verbose headers   age: '239',
660 verbose headers   connection: 'keep-alive',
660 verbose headers   'x-served-by': 'cache-gru7124-GRU',
660 verbose headers   'x-cache': 'HIT',
660 verbose headers   'x-cache-hits': '18',
660 verbose headers   'x-timer': 'S1491243988.471426,VS0,VE0',
660 verbose headers   vary: 'Accept-Encoding' }
661 silly get cb [ 200,
661 silly get   { server: 'nginx/1.10.1',
661 silly get     'content-type': 'application/json',
661 silly get     'last-modified': 'Tue, 28 Mar 2017 23:22:47 GMT',
661 silly get     etag: 'W/"58daf047-1e6e"',
661 silly get     'content-encoding': 'gzip',
661 silly get     'cache-control': 'max-age=300',
661 silly get     'content-length': '1859',
661 silly get     'accept-ranges': 'bytes',
661 silly get     date: 'Mon, 03 Apr 2017 18:26:28 GMT',
661 silly get     via: '1.1 varnish',
661 silly get     age: '239',
661 silly get     connection: 'keep-alive',
661 silly get     'x-served-by': 'cache-gru7124-GRU',
661 silly get     'x-cache': 'HIT',
661 silly get     'x-cache-hits': '18',
661 silly get     'x-timer': 'S1491243988.471426,VS0,VE0',
661 silly get     vary: 'Accept-Encoding' } ]
662 verbose get saving abbrev to /home/aagunzi/.npm/registry.npmjs.org/abbrev/.cache.json
663 verbose correctMkdir /home/aagunzi/.npm correctMkdir not in flight; initializing
664 silly resolveWithNewModule abbrev@1.1.0 checking installable status
665 silly cache add args [ 'abbrev@1', null ]
666 verbose cache add spec abbrev@1
667 silly cache add parsed spec Result {
667 silly cache add   raw: 'abbrev@1',
667 silly cache add   scope: null,
667 silly cache add   escapedName: 'abbrev',
667 silly cache add   name: 'abbrev',
667 silly cache add   rawSpec: '1',
667 silly cache add   spec: '>=1.0.0 <2.0.0',
667 silly cache add   type: 'range' }
668 silly addNamed abbrev@>=1.0.0 <2.0.0
669 verbose addNamed ">=1.0.0 <2.0.0" is a valid semver range for abbrev
670 silly addNameRange { name: 'abbrev', range: '>=1.0.0 <2.0.0', hasData: false }
671 silly mapToRegistry name abbrev
672 silly mapToRegistry using default registry
673 silly mapToRegistry registry https://registry.npmjs.org/
674 silly mapToRegistry data Result {
674 silly mapToRegistry   raw: 'abbrev',
674 silly mapToRegistry   scope: null,
674 silly mapToRegistry   escapedName: 'abbrev',
674 silly mapToRegistry   name: 'abbrev',
674 silly mapToRegistry   rawSpec: '',
674 silly mapToRegistry   spec: 'latest',
674 silly mapToRegistry   type: 'tag' }
675 silly mapToRegistry uri https://registry.npmjs.org/abbrev
676 verbose addNameRange registry:https://registry.npmjs.org/abbrev not in flight; fetching
677 verbose get https://registry.npmjs.org/abbrev not expired, no request
678 silly addNameRange number 2 { name: 'abbrev', range: '>=1.0.0 <2.0.0', hasData: true }
679 silly addNameRange versions [ 'abbrev',
679 silly addNameRange   [ '1.0.3', '1.0.4', '1.0.5', '1.0.6', '1.0.7', '1.0.9', '1.1.0' ] ]
680 silly addNamed abbrev@1.1.0
681 verbose addNamed "1.1.0" is a plain semver version for abbrev
682 silly mapToRegistry name abbrev
683 silly mapToRegistry using default registry
684 silly mapToRegistry registry https://registry.npmjs.org/
685 silly mapToRegistry data Result {
685 silly mapToRegistry   raw: 'abbrev',
685 silly mapToRegistry   scope: null,
685 silly mapToRegistry   escapedName: 'abbrev',
685 silly mapToRegistry   name: 'abbrev',
685 silly mapToRegistry   rawSpec: '',
685 silly mapToRegistry   spec: 'latest',
685 silly mapToRegistry   type: 'tag' }
686 silly mapToRegistry uri https://registry.npmjs.org/abbrev
687 verbose addRemoteTarball https://registry.npmjs.org/abbrev/-/abbrev-1.1.0.tgz not in flight; adding
688 verbose addRemoteTarball [ 'https://registry.npmjs.org/abbrev/-/abbrev-1.1.0.tgz',
688 verbose addRemoteTarball   'd0554c2256636e2f56e7c2e5ad183f859428d81f' ]
689 info retry fetch attempt 1 at 15:26:28
690 info attempt registry request try #1 at 15:26:28
691 http fetch GET https://registry.npmjs.org/abbrev/-/abbrev-1.1.0.tgz
692 http fetch 200 https://registry.npmjs.org/abbrev/-/abbrev-1.1.0.tgz
693 silly fetchAndShaCheck shasum d0554c2256636e2f56e7c2e5ad183f859428d81f
694 verbose addTmpTarball /tmp/npm-22821-0ee24042/registry.npmjs.org/abbrev/-/abbrev-1.1.0.tgz not in flight; adding
695 verbose addTmpTarball already have metadata; skipping unpack for abbrev@1.1.0
696 verbose correctMkdir /home/aagunzi/.npm correctMkdir not in flight; initializing
697 silly cache afterAdd abbrev@1.1.0
698 verbose afterAdd /home/aagunzi/.npm/abbrev/1.1.0/package/package.json not in flight; writing
699 verbose correctMkdir /home/aagunzi/.npm correctMkdir not in flight; initializing
700 verbose afterAdd /home/aagunzi/.npm/abbrev/1.1.0/package/package.json written
701 silly loadAllDepsIntoIdealTree Finishing
702 silly loadIdealTree Finishing
703 silly currentTree lib
703 silly currentTree  bower@1.8.0
703 silly currentTree  grunt-cli@1.2.0
703 silly currentTree    abbrev@1.0.9
703 silly currentTree    balanced-match@0.4.2
703 silly currentTree    brace-expansion@1.1.6
703 silly currentTree    concat-map@0.0.1
703 silly currentTree    findup-sync@0.3.0
703 silly currentTree    glob@5.0.15
703 silly currentTree    grunt-known-options@1.1.0
703 silly currentTree    inflight@1.0.6
703 silly currentTree    inherits@2.0.3
703 silly currentTree    minimatch@3.0.3
703 silly currentTree    nopt@3.0.6
703 silly currentTree    once@1.4.0
703 silly currentTree    path-is-absolute@1.0.1
703 silly currentTree    resolve@1.1.7
703 silly currentTree    wrappy@1.0.2
704 silly idealTree lib
704 silly idealTree  bower@1.8.0
704 silly idealTree  grunt-cli@1.2.0
704 silly idealTree    abbrev@1.1.0
704 silly idealTree    balanced-match@0.4.2
704 silly idealTree    brace-expansion@1.1.6
704 silly idealTree    concat-map@0.0.1
704 silly idealTree    findup-sync@0.3.0
704 silly idealTree    glob@5.0.15
704 silly idealTree    grunt-known-options@1.1.0
704 silly idealTree    inflight@1.0.6
704 silly idealTree    inherits@2.0.3
704 silly idealTree    minimatch@3.0.3
704 silly idealTree    nopt@3.0.6
704 silly idealTree    once@1.4.0
704 silly idealTree    path-is-absolute@1.0.1
704 silly idealTree    resolve@1.1.7
704 silly idealTree    wrappy@1.0.2
705 silly generateActionsToTake Starting
706 silly install generateActionsToTake
707 warn checkPermissions Missing write access to /usr/lib/node_modules/grunt-cli/node_modules/abbrev
708 warn checkPermissions Missing write access to /usr/lib/node_modules/bower
709 warn checkPermissions Missing write access to /usr/lib/node_modules/grunt-cli
710 warn checkPermissions Missing write access to /usr/lib/node_modules/grunt-cli/node_modules
711 warn checkPermissions Missing write access to /usr/lib/node_modules
712 silly rollbackFailedOptional Starting
713 silly rollbackFailedOptional Finishing
714 silly runTopLevelLifecycles Finishing
715 silly install printInstalled
716 verbose stack Error: EACCES: permission denied, access '/usr/lib/node_modules/grunt-cli/node_modules/abbrev'
716 verbose stack     at Error (native)
717 verbose cwd /home/aagunzi/yeoman/angm
718 error Linux 3.10.0-514.2.2.el7.x86_64
719 error argv "/usr/bin/node" "/usr/bin/npm" "install" "-g" "grunt-cli" "bower"
720 error node v6.9.1
721 error npm  v3.10.8
722 error path /usr/lib/node_modules/grunt-cli/node_modules/abbrev
723 error code EACCES
724 error errno -13
725 error syscall access
726 error Error: EACCES: permission denied, access '/usr/lib/node_modules/grunt-cli/node_modules/abbrev'
726 error     at Error (native)
726 error  { Error: EACCES: permission denied, access '/usr/lib/node_modules/grunt-cli/node_modules/abbrev'
726 error     at Error (native)
726 error   errno: -13,
726 error   code: 'EACCES',
726 error   syscall: 'access',
726 error   path: '/usr/lib/node_modules/grunt-cli/node_modules/abbrev' }
727 error Please try running this command again as root/Administrator.
728 verbose exit [ -13, true ]
